{"level":"error","message":"200 /orderSentenceFront.css development","timestamp":"2016-07-27T00:32:14.562Z"}
{"level":"error","message":"200 /orderSentenceFront.css development","timestamp":"2016-07-27T00:33:29.163Z"}
{"level":"error","message":"200 /writeSentenceLiteFront.css development","timestamp":"2016-07-27T00:34:05.995Z"}
{"level":"error","message":"200 /login/bulma.css development","timestamp":"2016-07-27T15:02:02.806Z"}
{"level":"error","message":"200 /login/empty.css development","timestamp":"2016-07-27T15:02:02.874Z"}
{"level":"error","message":"200 /login/empty.js development","timestamp":"2016-07-27T15:02:02.933Z"}
{"level":"error","message":"200 /login/analitycs.js development","timestamp":"2016-07-27T15:02:02.984Z"}
{"level":"error","message":"200 /login/logo.jpg development","timestamp":"2016-07-27T15:02:03.019Z"}
{"level":"error","message":"200 /login/bulma.css development","timestamp":"2016-07-27T17:40:01.291Z"}
{"level":"error","message":"200 /login/empty.css development","timestamp":"2016-07-27T17:40:01.362Z"}
{"level":"error","message":"200 /login/empty.js development","timestamp":"2016-07-27T17:40:01.420Z"}
{"level":"error","message":"200 /login/analitycs.js development","timestamp":"2016-07-27T17:40:01.477Z"}
{"level":"error","message":"200 /login/logo.jpg development","timestamp":"2016-07-27T17:40:01.511Z"}
{"level":"error","message":"200 /login/empty.css development","timestamp":"2016-07-27T21:04:16.760Z"}
{"level":"error","message":"200 /login/bulma.css development","timestamp":"2016-07-27T21:04:16.845Z"}
{"level":"error","message":"200 /login/empty.js development","timestamp":"2016-07-27T21:04:16.889Z"}
{"level":"error","message":"200 /login/analitycs.js development","timestamp":"2016-07-27T21:04:17.071Z"}
{"level":"error","message":"200 /login/logo.jpg development","timestamp":"2016-07-27T21:04:17.120Z"}
{"level":"error","message":"200 /writeSentenceLiteFront.css development","timestamp":"2016-08-03T02:16:45.521Z"}
{"level":"error","message":"200 /orderSentenceFront.css development","timestamp":"2016-08-03T02:16:45.564Z"}
{"level":"error","message":"200 /writeSentenceLiteFront.css development","timestamp":"2016-08-03T02:16:54.366Z"}
{"level":"error","message":"200 /writeSentenceFront.css development","timestamp":"2016-08-03T02:16:55.291Z"}
{"level":"error","message":"200 /orderSentenceFront.css development","timestamp":"2016-08-03T02:16:55.350Z"}
{"level":"error","message":"200 /writeSentenceFront.css development","timestamp":"2016-08-03T02:16:58.335Z"}
{"level":"error","message":"200 /writeSentenceLiteFront.css development","timestamp":"2016-08-03T02:18:45.106Z"}
{"level":"error","message":"200 /orderSentenceFront.css development","timestamp":"2016-08-03T02:19:05.740Z"}
{"level":"error","message":"200 /writeSentenceFront.css development","timestamp":"2016-08-03T02:22:47.626Z"}
{"level":"error","message":"200 /writeSentenceLiteFront.css development","timestamp":"2016-08-03T02:26:13.393Z"}
{"level":"error","message":"200 /orderSentenceFront.css development","timestamp":"2016-08-03T02:26:13.427Z"}
{"level":"error","message":"200 /writeSentenceLiteFront.css development","timestamp":"2016-08-03T02:26:16.465Z"}
{"level":"error","message":"200 /writeSentenceFront.css development","timestamp":"2016-08-03T02:26:17.416Z"}
{"level":"error","message":"200 /orderSentenceFront.css development","timestamp":"2016-08-03T02:26:17.810Z"}
{"level":"error","message":"200 /writeSentenceFront.css development","timestamp":"2016-08-03T02:26:20.675Z"}
{"level":"error","message":"200 /dsds development","timestamp":"2016-08-03T02:29:35.563Z"}
{"level":"error","message":"200 /css/orderSentence.css development","timestamp":"2016-08-04T23:35:12.660Z"}
{"level":"error","message":"200 /inc/react-select.css development","timestamp":"2016-08-09T13:57:37.502Z"}
{"level":"error","message":"200 /inc/react-select.css development","timestamp":"2016-08-09T13:57:49.689Z"}
{"level":"error","message":"200 /inc/react-select.css development","timestamp":"2016-08-09T13:59:15.242Z"}
{"level":"error","message":"200 /inc/react-select.css development","timestamp":"2016-08-09T13:59:47.109Z"}
{"level":"error","message":"200 /inc/react-select.css development","timestamp":"2016-08-09T14:03:48.700Z"}
{"level":"error","message":"200 /inc/react-select.css development","timestamp":"2016-08-09T14:04:00.889Z"}
{"level":"error","message":"200 /inc/react-select.css development","timestamp":"2016-08-09T14:04:53.474Z"}
{"level":"error","message":"200 /inc/react-select.css development","timestamp":"2016-08-09T14:21:01.141Z"}
{"level":"error","message":"200 /readRandom/main development","timestamp":"2016-08-09T18:17:30.873Z"}
{"level":"error","message":"200 /translateDraft development","timestamp":"2016-08-10T19:00:48.737Z"}
{"level":"error","message":"200 /inc/react-select.css development","timestamp":"2016-08-10T19:08:12.886Z"}
{"level":"error","message":"200 /inc/react-select.css development","timestamp":"2016-08-10T19:10:59.017Z"}
{"level":"error","message":"200 /fair.hml development","timestamp":"2016-08-11T11:37:58.592Z"}
{"level":"error","message":"200 /readRandom/translateDraft development","timestamp":"2016-08-12T08:52:35.337Z"}
{"level":"error","message":"200 /readRandom development","timestamp":"2016-08-12T08:54:11.994Z"}
{"level":"error","message":"200 /readRandom development","timestamp":"2016-08-12T08:54:36.658Z"}
{"level":"error","message":"200 /readRandom development","timestamp":"2016-08-12T08:54:39.481Z"}
{"level":"error","message":"200 / development","timestamp":"2016-08-12T20:29:46.833Z"}
{"level":"error","message":"200 /[object%20Object] development","timestamp":"2016-08-14T02:35:10.266Z"}
{"level":"error","message":"200 /report.svg development","timestamp":"2016-08-20T02:48:21.450Z"}
{"level":"error","message":"200 /[object%20Object] development","timestamp":"2016-08-20T22:30:41.533Z"}
{"level":"error","message":"200 /socket.io/?EIO=3&transport=polling&t=LQg4_Eg development","timestamp":"2016-08-20T22:30:49.561Z"}
{"level":"error","message":"200 /null development","timestamp":"2016-08-20T22:31:10.525Z"}
{"level":"error","message":"200 /socket.io/?EIO=3&transport=polling&t=LQg5BCJ development","timestamp":"2016-08-20T22:31:38.547Z"}
{"level":"error","message":"200 /socket.io/?EIO=3&transport=polling&t=LQg5CQP development","timestamp":"2016-08-20T22:31:43.551Z"}
{"level":"error","message":"200 /socket.io/?EIO=3&transport=polling&t=LQg6QMQ development","timestamp":"2016-08-20T22:37:02.781Z"}
{"level":"error","message":"200 /socket.io/?EIO=3&transport=polling&t=LQg7aHA development","timestamp":"2016-08-20T22:42:05.565Z"}
{"level":"error","message":"200 /socket.io/?EIO=3&transport=polling&t=LQg8Tf2 development","timestamp":"2016-08-20T22:46:00.551Z"}
{"level":"error","message":"200 /socket.io/?EIO=3&transport=polling&t=LQg8-Mo development","timestamp":"2016-08-20T22:48:14.563Z"}
{"level":"error","message":"200 /css/learningMemeAutomated.css development","timestamp":"2016-08-23T20:27:08.828Z"}
{"level":"error","message":"200 /css/learningMemeAutomated.css development","timestamp":"2016-08-23T20:27:30.101Z"}
{"level":"error","message":"200 /css/learningMemeAutomated.css development","timestamp":"2016-08-23T20:29:01.025Z"}
{"level":"error","message":"200 /css/learningMemeAutomated.css development","timestamp":"2016-08-23T20:30:50.185Z"}
{"level":"error","message":"200 /css/learningMemeAutomated.css development","timestamp":"2016-08-23T20:38:56.162Z"}
{"level":"error","message":"200 /css/learningMemeAutomated.css development","timestamp":"2016-08-23T20:40:27.399Z"}
{"level":"error","message":"200 /css/learningMemeAutomated.css development","timestamp":"2016-08-23T20:42:36.953Z"}
{"level":"error","message":"200 /css/learningMemeAutomated.css development","timestamp":"2016-08-23T20:46:37.508Z"}
