{"level":"error","message":"200 /proxy.json development","timestamp":"2016-07-22T15:12:39.830Z"}
{"level":"error","message":"200 /manager/html development","timestamp":"2016-07-22T15:24:24.032Z"}
{"level":"error","message":"200 /proxy.json development","timestamp":"2016-07-22T15:54:26.524Z"}
{"level":"error","message":"200 /html/german/learningMeme.html development","timestamp":"2016-07-22T16:12:01.854Z"}
{"level":"error","message":"200 /proxy.json development","timestamp":"2016-07-22T16:35:21.325Z"}
{"level":"error","message":"200 /proxy.json development","timestamp":"2016-07-22T17:13:15.260Z"}
{"level":"error","message":"200 /assets/img/logo2.png development","timestamp":"2016-07-22T17:37:37.003Z"}
{"level":"error","message":"200 /proxy.json development","timestamp":"2016-07-22T17:52:00.146Z"}
{"level":"error","message":"200 /cgi-bin/php?%2D%64+%61%6C%6C%6F%77%5F%75%72%6C%5F%69%6E%63%6C%75%64%65%3D%6F%6E+%2D%64+%73%61%66%65%5F%6D%6F%64%65%3D%6F%66%66+%2D%64+%73%75%68%6F%73%69%6E%2E%73%69%6D%75%6C%61%74%69%6F%6E%3D%6F%6E+%2D%64+%64%69%73%61%62%6C%65%5F%66%75%6E%63%74%69%6F%6E%73%3D%22%22+%2D%64+%6F%70%65%6E%5F%62%61%73%65%64%69%72%3D%6E%6F%6E%65+%2D%64+%61%75%74%6F%5F%70%72%65%70%65%6E%64%5F%66%69%6C%65%3D%70%68%70%3A%2F%2F%69%6E%70%75%74+%2D%64+%63%67%69%2E%66%6F%72%63%65%5F%72%65%64%69%72%65%63%74%3D%30+%2D%64+%63%67%69%2E%72%65%64%69%72%65%63%74%5F%73%74%61%74%75%73%5F%65%6E%76%3D%22%79%65%73%22+%2D%64+%63%67%69%2E%66%69%78%5F%70%61%74%68%69%6E%66%6F%3D%31+%2D%64+%61%75%74%6F%5F%70%72%65%70%65%6E%64%5F%66%69%6C%65%3D%70%68%70%3A%2F%2F%69%6E%70%75%74+%2D%6E development","timestamp":"2016-07-22T18:31:53.994Z"}
{"level":"error","message":"200 /cgi-bin/php-cgi?%2D%64+%61%6C%6C%6F%77%5F%75%72%6C%5F%69%6E%63%6C%75%64%65%3D%6F%6E+%2D%64+%73%61%66%65%5F%6D%6F%64%65%3D%6F%66%66+%2D%64+%73%75%68%6F%73%69%6E%2E%73%69%6D%75%6C%61%74%69%6F%6E%3D%6F%6E+%2D%64+%64%69%73%61%62%6C%65%5F%66%75%6E%63%74%69%6F%6E%73%3D%22%22+%2D%64+%6F%70%65%6E%5F%62%61%73%65%64%69%72%3D%6E%6F%6E%65+%2D%64+%61%75%74%6F%5F%70%72%65%70%65%6E%64%5F%66%69%6C%65%3D%70%68%70%3A%2F%2F%69%6E%70%75%74+%2D%64+%63%67%69%2E%66%6F%72%63%65%5F%72%65%64%69%72%65%63%74%3D%30+%2D%64+%63%67%69%2E%72%65%64%69%72%65%63%74%5F%73%74%61%74%75%73%5F%65%6E%76%3D%22%79%65%73%22+%2D%64+%63%67%69%2E%66%69%78%5F%70%61%74%68%69%6E%66%6F%3D%31+%2D%64+%61%75%74%6F%5F%70%72%65%70%65%6E%64%5F%66%69%6C%65%3D%70%68%70%3A%2F%2F%69%6E%70%75%74+%2D%6E development","timestamp":"2016-07-22T18:32:08.700Z"}
{"level":"error","message":"200 /cgi-bin/php5-cgi?%2D%64+%61%6C%6C%6F%77%5F%75%72%6C%5F%69%6E%63%6C%75%64%65%3D%6F%6E+%2D%64+%73%61%66%65%5F%6D%6F%64%65%3D%6F%66%66+%2D%64+%73%75%68%6F%73%69%6E%2E%73%69%6D%75%6C%61%74%69%6F%6E%3D%6F%6E+%2D%64+%64%69%73%61%62%6C%65%5F%66%75%6E%63%74%69%6F%6E%73%3D%22%22+%2D%64+%6F%70%65%6E%5F%62%61%73%65%64%69%72%3D%6E%6F%6E%65+%2D%64+%61%75%74%6F%5F%70%72%65%70%65%6E%64%5F%66%69%6C%65%3D%70%68%70%3A%2F%2F%69%6E%70%75%74+%2D%64+%63%67%69%2E%66%6F%72%63%65%5F%72%65%64%69%72%65%63%74%3D%30+%2D%64+%63%67%69%2E%72%65%64%69%72%65%63%74%5F%73%74%61%74%75%73%5F%65%6E%76%3D%22%79%65%73%22+%2D%64+%63%67%69%2E%66%69%78%5F%70%61%74%68%69%6E%66%6F%3D%31+%2D%64+%61%75%74%6F%5F%70%72%65%70%65%6E%64%5F%66%69%6C%65%3D%70%68%70%3A%2F%2F%69%6E%70%75%74+%2D%6E development","timestamp":"2016-07-22T18:32:12.286Z"}
{"level":"error","message":"200 /proxy.json development","timestamp":"2016-07-22T18:33:33.328Z"}
{"level":"error","message":"200 /proxy.json development","timestamp":"2016-07-22T19:15:07.013Z"}
{"level":"error","message":"200 /proxy.json development","timestamp":"2016-07-22T19:55:47.044Z"}
{"level":"error","message":"200 /proxy.json development","timestamp":"2016-07-22T20:36:43.696Z"}
{"level":"error","message":"200 /proxy.json development","timestamp":"2016-07-22T21:20:29.825Z"}
{"level":"error","message":"200 /proxy.json development","timestamp":"2016-07-22T22:02:35.774Z"}
{"level":"error","message":"200 /proxy.json development","timestamp":"2016-07-22T22:43:52.645Z"}
{"level":"error","message":"200 /empty development","timestamp":"2016-07-22T22:44:50.279Z"}
{"level":"error","message":"200 /%C2%A0 development","timestamp":"2016-07-22T22:54:11.224Z"}
{"level":"error","message":"200 /proxy.json development","timestamp":"2016-07-22T23:24:11.748Z"}
{"level":"error","message":"200 /proxy.json development","timestamp":"2016-07-23T00:07:03.954Z"}
{"level":"error","message":"200 /manager/html development","timestamp":"2016-07-23T00:25:08.118Z"}
{"level":"error","message":"200 /proxy.json development","timestamp":"2016-07-23T00:50:05.270Z"}
{"level":"error","message":"200 /proxy.json development","timestamp":"2016-07-23T01:30:36.557Z"}
{"level":"error","message":"200 /proxy.json development","timestamp":"2016-07-23T02:12:02.124Z"}
{"level":"error","message":"200 /germanWritingAssistant development","timestamp":"2016-07-23T02:33:14.830Z"}
{"level":"error","message":"200 /guessThePhrase development","timestamp":"2016-07-23T02:33:22.515Z"}
{"level":"error","message":"200 /proxy.json development","timestamp":"2016-07-23T02:56:30.569Z"}
{"level":"error","message":"200 /html/german/einEine.html development","timestamp":"2016-07-23T03:05:08.245Z"}
{"level":"error","message":"200 /html/german/germanWritingAssistant.html development","timestamp":"2016-07-23T03:05:10.258Z"}
{"level":"error","message":"200 /html/german/guessThePhrase.html development","timestamp":"2016-07-23T03:34:19.620Z"}
{"level":"error","message":"200 /html/index.html development","timestamp":"2016-07-23T03:34:24.772Z"}
{"level":"error","message":"200 /proxy.json development","timestamp":"2016-07-23T03:38:11.069Z"}
{"level":"error","message":"200 /proxy.json development","timestamp":"2016-07-23T04:19:29.618Z"}
{"level":"error","message":"200 /proxy.json development","timestamp":"2016-07-23T05:03:37.844Z"}
{"level":"error","message":"200 /html/ development","timestamp":"2016-07-23T05:37:31.803Z"}
{"level":"error","message":"200 /html/german/learningMeme.html development","timestamp":"2016-07-23T05:37:51.740Z"}
{"level":"error","message":"200 /html/german/orderTheSentence.html development","timestamp":"2016-07-23T05:37:52.660Z"}
{"level":"error","message":"200 /proxy.json development","timestamp":"2016-07-23T05:47:15.370Z"}
{"level":"error","message":"200 /proxy.json development","timestamp":"2016-07-23T06:36:00.423Z"}
{"level":"error","message":"200 /proxy.json development","timestamp":"2016-07-23T07:16:54.845Z"}
{"level":"error","message":"200 /proxy.json development","timestamp":"2016-07-23T07:59:10.723Z"}
{"level":"error","message":"200 /proxy.json development","timestamp":"2016-07-23T08:41:56.327Z"}
{"level":"error","message":"200 /proxy.json development","timestamp":"2016-07-23T09:22:32.324Z"}
{"level":"error","message":"200 /proxy.json development","timestamp":"2016-07-23T10:03:33.525Z"}
{"level":"error","message":"200 /proxy.json development","timestamp":"2016-07-23T10:45:08.646Z"}
{"level":"error","message":"200 /administrator/index.php development","timestamp":"2016-07-23T11:00:47.406Z"}
{"level":"error","message":"200 /proxy.json development","timestamp":"2016-07-23T11:27:06.022Z"}
{"level":"error","message":"200 /proxy.json development","timestamp":"2016-07-23T12:07:07.731Z"}
{"level":"error","message":"200 /proxy.json development","timestamp":"2016-07-23T12:50:42.743Z"}
{"level":"error","message":"200 /proxy.json development","timestamp":"2016-07-23T13:34:46.821Z"}
{"level":"error","message":"200 /empty development","timestamp":"2016-07-23T13:36:05.159Z"}
{"level":"error","message":"200 /quizlet development","timestamp":"2016-07-23T14:03:16.952Z"}
{"level":"error","message":"200 /proxy.json development","timestamp":"2016-07-23T14:17:43.346Z"}
{"level":"error","message":"200 /proxy.json development","timestamp":"2016-07-23T15:00:18.226Z"}
{"level":"error","message":"200 /proxy.json development","timestamp":"2016-07-23T15:41:50.447Z"}
{"level":"error","message":"200 /html/german/guessThePhrase.html development","timestamp":"2016-07-23T15:42:47.830Z"}
{"level":"error","message":"200 /proxy.json development","timestamp":"2016-07-23T16:21:54.227Z"}
{"level":"error","message":"200 /proxy.json development","timestamp":"2016-07-23T17:03:54.276Z"}
{"level":"error","message":"200 /html/german/orderTheSentence.html development","timestamp":"2016-07-23T17:40:31.457Z"}
{"level":"error","message":"200 /html/german/quizlet.html development","timestamp":"2016-07-23T17:40:32.848Z"}
{"level":"error","message":"200 /proxy.json development","timestamp":"2016-07-23T17:43:01.521Z"}
{"level":"error","message":"200 /%C2%A0 development","timestamp":"2016-07-23T18:18:27.850Z"}
{"level":"error","message":"200 /proxy.json development","timestamp":"2016-07-23T18:25:09.921Z"}
{"level":"error","message":"200 /proxy.json development","timestamp":"2016-07-23T19:06:59.224Z"}
{"level":"error","message":"200 /proxy.json development","timestamp":"2016-07-23T19:49:08.634Z"}
{"level":"error","message":"200 /proxy.json development","timestamp":"2016-07-23T20:31:02.089Z"}
{"level":"error","message":"200 /proxy.json development","timestamp":"2016-07-23T21:16:34.125Z"}
{"level":"error","message":"200 /proxy.json development","timestamp":"2016-07-23T21:59:40.279Z"}
{"level":"error","message":"200 /proxy.json development","timestamp":"2016-07-23T22:40:51.625Z"}
{"level":"error","message":"200 /proxy.json development","timestamp":"2016-07-23T23:23:17.328Z"}
{"level":"error","message":"200 /proxy.json development","timestamp":"2016-07-24T00:04:16.125Z"}
{"level":"error","message":"200 /proxy.json development","timestamp":"2016-07-24T00:46:17.048Z"}
{"level":"error","message":"200 /proxy.json development","timestamp":"2016-07-24T01:27:37.470Z"}
{"level":"error","message":"200 /proxy.json development","timestamp":"2016-07-24T02:09:59.150Z"}
{"level":"error","message":"200 /proxy.json development","timestamp":"2016-07-24T02:51:25.946Z"}
{"level":"error","message":"200 /proxy.json development","timestamp":"2016-07-24T03:31:43.942Z"}
{"level":"error","message":"200 /proxy.json development","timestamp":"2016-07-24T04:15:11.542Z"}
{"level":"error","message":"200 /proxy.json development","timestamp":"2016-07-24T04:57:50.225Z"}
{"level":"error","message":"200 /proxy.json development","timestamp":"2016-07-24T05:39:33.745Z"}
{"level":"error","message":"200 /proxy.json development","timestamp":"2016-07-24T06:22:02.155Z"}
{"level":"error","message":"200 /proxy.json development","timestamp":"2016-07-24T07:04:53.747Z"}
{"level":"error","message":"200 /proxy.json development","timestamp":"2016-07-24T07:47:40.524Z"}
{"level":"error","message":"200 /proxy.json development","timestamp":"2016-07-24T08:30:59.523Z"}
{"level":"error","message":"200 /proxy.json development","timestamp":"2016-07-24T09:14:48.580Z"}
{"level":"error","message":"200 /proxy.json development","timestamp":"2016-07-24T09:56:29.247Z"}
{"level":"error","message":"200 /proxy.json development","timestamp":"2016-07-24T10:43:07.733Z"}
{"level":"error","message":"200 /proxy.json development","timestamp":"2016-07-24T11:27:01.822Z"}
{"level":"error","message":"200 /guessTheWord development","timestamp":"2016-07-24T11:28:45.487Z"}
{"level":"error","message":"200 /proxy.json development","timestamp":"2016-07-24T12:08:01.956Z"}
{"level":"error","message":"200 /images/orderTheSentence.png development","timestamp":"2016-07-24T12:40:39.701Z"}
{"level":"error","message":"200 /proxy.json development","timestamp":"2016-07-24T12:52:20.067Z"}
{"level":"error","message":"200 /proxy.json development","timestamp":"2016-07-24T13:33:12.848Z"}
{"level":"error","message":"200 /proxy.json development","timestamp":"2016-07-24T14:14:10.329Z"}
{"level":"error","message":"200 /admin/ development","timestamp":"2016-07-24T14:36:54.345Z"}
{"level":"error","message":"200 /proxy.json development","timestamp":"2016-07-24T14:57:14.733Z"}
{"level":"error","message":"200 /proxy.json development","timestamp":"2016-07-24T15:40:30.428Z"}
{"level":"error","message":"200 /proxy.json development","timestamp":"2016-07-24T16:24:16.638Z"}
{"level":"error","message":"200 /proxy.json development","timestamp":"2016-07-24T17:07:21.525Z"}
{"level":"error","message":"200 /proxy.json development","timestamp":"2016-07-24T17:48:57.023Z"}
{"level":"error","message":"200 /empty development","timestamp":"2016-07-24T18:31:48.133Z"}
{"level":"error","message":"200 /proxy.json development","timestamp":"2016-07-24T18:32:07.950Z"}
{"level":"error","message":"200 /proxy.json development","timestamp":"2016-07-24T19:13:37.248Z"}
{"level":"error","message":"200 /html/german/quizlet.html development","timestamp":"2016-07-24T19:27:18.147Z"}
{"level":"error","message":"200 /manager/html development","timestamp":"2016-07-24T19:37:48.013Z"}
{"level":"error","message":"200 /proxy.json development","timestamp":"2016-07-24T19:55:49.727Z"}
{"level":"error","message":"200 /proxy.json development","timestamp":"2016-07-24T20:38:08.645Z"}
{"level":"error","message":"200 /proxy.json development","timestamp":"2016-07-24T21:19:32.866Z"}
{"level":"error","message":"200 /writeSentenceFront.css development","timestamp":"2016-07-24T21:44:12.937Z"}
{"level":"error","message":"200 /proxy.json development","timestamp":"2016-07-24T22:06:08.128Z"}
{"level":"error","message":"200 /orderSentenceFront.css development","timestamp":"2016-07-24T22:41:34.777Z"}
{"level":"error","message":"200 /proxy.json development","timestamp":"2016-07-24T22:49:02.860Z"}
{"level":"error","message":"200 /proxy.json development","timestamp":"2016-07-24T23:31:06.822Z"}
{"level":"error","message":"200 /wp-content/themes/purevision/sliders/swfobject.js development","timestamp":"2016-07-24T23:56:48.509Z"}
{"level":"error","message":"200 /proxy.json development","timestamp":"2016-07-25T00:11:08.422Z"}
{"level":"error","message":"200 /jmx-console/ development","timestamp":"2016-07-25T00:50:08.527Z"}
{"level":"error","message":"200 /web-console/ development","timestamp":"2016-07-25T00:50:09.102Z"}
{"level":"error","message":"200 /invoker/ development","timestamp":"2016-07-25T00:50:09.669Z"}
{"level":"error","message":"200 /admin-console/ development","timestamp":"2016-07-25T00:50:10.244Z"}
{"level":"error","message":"200 /cgi-bin/test development","timestamp":"2016-07-25T00:50:10.819Z"}
{"level":"error","message":"200 /cgi-sys/php5 development","timestamp":"2016-07-25T00:50:11.388Z"}
{"level":"error","message":"200 /cgi-mod/index.cgi development","timestamp":"2016-07-25T00:50:12.030Z"}
{"level":"error","message":"200 /cgi-bin-sdb/printenv development","timestamp":"2016-07-25T00:50:12.673Z"}
{"level":"error","message":"200 /cgi-mod/index.cgi development","timestamp":"2016-07-25T00:50:13.318Z"}
{"level":"error","message":"200 /cgi-sys/entropysearch.cgi development","timestamp":"2016-07-25T00:50:13.997Z"}
{"level":"error","message":"200 /cgi-sys/defaultwebpage.cgi development","timestamp":"2016-07-25T00:50:14.647Z"}
{"level":"error","message":"200 /proxy.json development","timestamp":"2016-07-25T00:53:25.364Z"}
{"level":"error","message":"200 /proxy.json development","timestamp":"2016-07-25T01:34:54.213Z"}
{"level":"error","message":"200 /proxy.json development","timestamp":"2016-07-25T02:19:48.526Z"}
{"level":"error","message":"200 /proxy.json development","timestamp":"2016-07-25T03:00:04.773Z"}
{"level":"error","message":"200 /proxy.json development","timestamp":"2016-07-25T03:40:23.223Z"}
{"level":"error","message":"200 /orderTheSentence development","timestamp":"2016-07-25T04:22:32.765Z"}
{"level":"error","message":"200 /proxy.json development","timestamp":"2016-07-25T04:23:11.623Z"}
{"level":"error","message":"200 /proxy.json development","timestamp":"2016-07-25T05:04:32.746Z"}
{"level":"error","message":"200 /proxy.json development","timestamp":"2016-07-25T05:44:15.764Z"}
{"level":"error","message":"200 /proxy.json development","timestamp":"2016-07-25T06:25:56.420Z"}
{"level":"error","message":"200 /manager/html development","timestamp":"2016-07-25T06:36:02.916Z"}
{"level":"error","message":"200 /proxy.json development","timestamp":"2016-07-25T07:12:43.546Z"}
{"level":"error","message":"200 /proxy.json development","timestamp":"2016-07-25T07:53:06.724Z"}
{"level":"error","message":"200 /proxy.json development","timestamp":"2016-07-25T08:36:22.423Z"}
{"level":"error","message":"200 /webszerk/elfinder/elfinder.html development","timestamp":"2016-07-25T08:43:41.219Z"}
{"level":"error","message":"200 /proxy.json development","timestamp":"2016-07-25T09:26:21.722Z"}
{"level":"error","message":"200 /proxy.json development","timestamp":"2016-07-25T10:09:42.625Z"}
{"level":"error","message":"200 /proxy.json development","timestamp":"2016-07-25T10:50:52.869Z"}
{"level":"error","message":"200 /proxy.json development","timestamp":"2016-07-25T11:34:36.238Z"}
{"level":"error","message":"200 /proxy.json development","timestamp":"2016-07-25T12:16:35.551Z"}
{"level":"error","message":"200 /proxy.json development","timestamp":"2016-07-25T12:55:00.372Z"}
{"level":"error","message":"200 /proxy.json development","timestamp":"2016-07-25T13:38:46.825Z"}
{"level":"error","message":"200 // development","timestamp":"2016-07-25T14:00:51.879Z"}
{"level":"error","message":"200 /proxy.json development","timestamp":"2016-07-25T14:23:54.968Z"}
{"level":"error","message":"200 /proxy.json development","timestamp":"2016-07-25T15:06:24.446Z"}
{"level":"error","message":"200 /html/german/guessThePhrase.html development","timestamp":"2016-07-25T15:45:59.228Z"}
{"level":"error","message":"200 /proxy.json development","timestamp":"2016-07-25T15:49:42.944Z"}
{"level":"error","message":"200 /%C2%A0 development","timestamp":"2016-07-25T16:25:51.827Z"}
{"level":"error","message":"200 /proxy.json development","timestamp":"2016-07-25T16:32:06.445Z"}
{"level":"error","message":"200 /%C2%A0 development","timestamp":"2016-07-25T16:45:14.020Z"}
{"level":"error","message":"200 /html/german/orderTheSentence.html development","timestamp":"2016-07-25T17:00:58.161Z"}
{"level":"error","message":"200 /html/german/quizlet.html development","timestamp":"2016-07-25T17:01:00.791Z"}
{"level":"error","message":"200 /proxy.json development","timestamp":"2016-07-25T17:14:58.424Z"}
{"level":"error","message":"200 /empty development","timestamp":"2016-07-25T17:54:52.073Z"}
{"level":"error","message":"200 /proxy.json development","timestamp":"2016-07-25T17:57:49.424Z"}
{"level":"error","message":"200 /proxy.json development","timestamp":"2016-07-25T18:41:42.754Z"}
{"level":"error","message":"200 /html/german/guessThePhrase.html development","timestamp":"2016-07-25T18:55:04.515Z"}
{"level":"error","message":"200 /proxy.json development","timestamp":"2016-07-25T19:26:14.128Z"}
{"level":"error","message":"200 /empty development","timestamp":"2016-07-25T19:38:37.804Z"}
{"level":"error","message":"200 /webdav/ development","timestamp":"2016-07-25T19:48:31.583Z"}
{"level":"error","message":"200 /proxy.json development","timestamp":"2016-07-25T20:11:13.969Z"}
{"level":"error","message":"200 /proxy.json development","timestamp":"2016-07-25T20:52:48.354Z"}
{"level":"error","message":"200 /hndUnblock.cgi development","timestamp":"2016-07-25T21:20:20.426Z"}
{"level":"error","message":"200 /hndUnblock.cgi development","timestamp":"2016-07-25T21:20:20.966Z"}
{"level":"error","message":"200 /cgi/common.cgi development","timestamp":"2016-07-25T21:20:21.521Z"}
{"level":"error","message":"200 /stssys.htm development","timestamp":"2016-07-25T21:20:22.027Z"}
{"level":"error","message":"200 /command.php development","timestamp":"2016-07-25T21:20:23.183Z"}
{"level":"error","message":"200 /proxy.json development","timestamp":"2016-07-25T21:35:35.230Z"}
{"level":"error","message":"200 /einEine development","timestamp":"2016-07-25T21:52:15.138Z"}
{"level":"error","message":"200 /html/german/orderTheSentence.html development","timestamp":"2016-07-25T21:59:09.442Z"}
{"level":"error","message":"200 /proxy.json development","timestamp":"2016-07-25T22:17:36.148Z"}
{"level":"error","message":"200 /proxy.json development","timestamp":"2016-07-25T22:59:36.332Z"}
{"level":"error","message":"200 /proxy.json development","timestamp":"2016-07-25T23:40:14.248Z"}
{"level":"error","message":"200 /proxy.json development","timestamp":"2016-07-26T00:24:02.765Z"}
{"level":"error","message":"200 /html/german/einEine.html development","timestamp":"2016-07-26T01:04:00.469Z"}
{"level":"error","message":"200 /proxy.json development","timestamp":"2016-07-26T01:10:13.496Z"}
{"level":"error","message":"200 /start development","timestamp":"2016-07-26T01:43:28.293Z"}
{"level":"error","message":"200 /proxy.json development","timestamp":"2016-07-26T03:11:26.493Z"}
{"level":"error","message":"200 /proxy.json development","timestamp":"2016-07-26T03:52:39.672Z"}
{"level":"error","message":"200 /proxy.json development","timestamp":"2016-07-26T04:39:19.257Z"}
{"level":"error","message":"200 /proxy.json development","timestamp":"2016-07-26T05:24:43.823Z"}
{"level":"error","message":"200 /manager/html development","timestamp":"2016-07-26T06:07:31.596Z"}
{"level":"error","message":"200 /proxy.json development","timestamp":"2016-07-26T06:11:06.020Z"}
{"level":"error","message":"200 /webdav/ development","timestamp":"2016-07-26T06:14:15.163Z"}
{"level":"error","message":"200 //wp-login.php development","timestamp":"2016-07-26T06:42:57.562Z"}
{"level":"error","message":"200 /blog//wp-login.php development","timestamp":"2016-07-26T06:42:57.655Z"}
{"level":"error","message":"200 /wordpress//wp-login.php development","timestamp":"2016-07-26T06:42:57.728Z"}
{"level":"error","message":"200 /wp//wp-login.php development","timestamp":"2016-07-26T06:42:57.809Z"}
{"level":"error","message":"200 /proxy.json development","timestamp":"2016-07-26T07:02:01.393Z"}
{"level":"error","message":"200 /proxy.json development","timestamp":"2016-07-26T07:47:09.754Z"}
{"level":"error","message":"200 /proxy.json development","timestamp":"2016-07-26T08:32:02.822Z"}
{"level":"error","message":"200 /js/lib/elfinder/elfinder.html development","timestamp":"2016-07-26T09:02:16.824Z"}
{"level":"error","message":"200 /vendor/elfinder/elfinder.html development","timestamp":"2016-07-26T09:02:16.891Z"}
{"level":"error","message":"200 /Public/static/elfinder/elfinder.html development","timestamp":"2016-07-26T09:02:16.930Z"}
{"level":"error","message":"200 /ext/elFinder/elfinder.html development","timestamp":"2016-07-26T09:02:16.972Z"}
{"level":"error","message":"200 /proxy.json development","timestamp":"2016-07-26T09:15:57.876Z"}
{"level":"error","message":"200 /empty development","timestamp":"2016-07-26T09:23:33.097Z"}
{"level":"error","message":"200 /proxy.json development","timestamp":"2016-07-26T09:58:01.024Z"}
{"level":"error","message":"200 /cgi-bin/security.php development","timestamp":"2016-07-26T10:02:44.698Z"}
{"level":"error","message":"200 /wp-content/plugins/500.php development","timestamp":"2016-07-26T10:02:45.390Z"}
{"level":"error","message":"200 /wp-content/plugins/configbacks.php?ing=lie development","timestamp":"2016-07-26T10:02:46.042Z"}
{"level":"error","message":"200 /wp-content/uploads/500.php development","timestamp":"2016-07-26T10:02:46.732Z"}
{"level":"error","message":"200 /wp-content/uploads/Fbrrchive.php development","timestamp":"2016-07-26T10:02:47.266Z"}
{"level":"error","message":"200 /wp-content/uploads/configbacks.php?ing=lie development","timestamp":"2016-07-26T10:02:47.796Z"}
{"level":"error","message":"200 /wp-content/uploads/default.php development","timestamp":"2016-07-26T10:02:48.313Z"}
{"level":"error","message":"200 /wp-content/themes/THEME/404.php development","timestamp":"2016-07-26T10:02:49.360Z"}
{"level":"error","message":"200 /wp-content/themes/THEME/content-wp-authority.php development","timestamp":"2016-07-26T10:02:50.419Z"}
{"level":"error","message":"200 /wp-includes/css/modules.php development","timestamp":"2016-07-26T10:02:51.083Z"}
{"level":"error","message":"200 /wp-includes/class-wp-roles.php?bataboom=1 development","timestamp":"2016-07-26T10:02:51.591Z"}
{"level":"error","message":"200 /wp-content/themes/THEME/author.php development","timestamp":"2016-07-26T10:02:52.924Z"}
{"level":"error","message":"200 /tags/popup-pomo.php development","timestamp":"2016-07-26T10:02:53.419Z"}
{"level":"error","message":"200 /wp-content/upgrade/theme-compat/popup-pomo.php development","timestamp":"2016-07-26T10:02:53.916Z"}
{"level":"error","message":"200 /wp-content/themes/THEME/404.php development","timestamp":"2016-07-26T10:02:54.942Z"}
{"level":"error","message":"200 /webdav/ development","timestamp":"2016-07-26T10:07:53.462Z"}
{"level":"error","message":"200 /proxy.json development","timestamp":"2016-07-26T10:42:18.163Z"}
{"level":"error","message":"200 /proxy.json development","timestamp":"2016-07-26T11:22:30.425Z"}
{"level":"error","message":"200 /html/german/einEine.html development","timestamp":"2016-07-26T11:48:18.945Z"}
{"level":"error","message":"200 /proxy.json development","timestamp":"2016-07-26T12:06:03.074Z"}
{"level":"error","message":"200 /proxy.json development","timestamp":"2016-07-26T12:44:45.646Z"}
{"level":"error","message":"200 /html/german/guessTheWord.html development","timestamp":"2016-07-26T13:03:02.397Z"}
{"level":"error","message":"200 /%C2%A0 development","timestamp":"2016-07-26T13:04:45.846Z"}
{"level":"error","message":"200 /proxy.json development","timestamp":"2016-07-26T13:28:34.059Z"}
{"level":"error","message":"200 /proxy.json development","timestamp":"2016-07-26T14:13:05.824Z"}
{"level":"error","message":"200 /proxy.json development","timestamp":"2016-07-26T14:52:01.659Z"}
{"level":"error","message":"200 /proxy.json development","timestamp":"2016-07-26T15:33:09.547Z"}
{"level":"error","message":"200 /proxy.json development","timestamp":"2016-07-26T16:15:44.822Z"}
{"level":"error","message":"200 /run development","timestamp":"2016-07-26T16:49:48.503Z"}
{"level":"error","message":"200 /proxy.json development","timestamp":"2016-07-26T16:58:06.674Z"}
{"level":"error","message":"200 /run development","timestamp":"2016-07-26T17:09:30.089Z"}
{"level":"error","message":"200 /writeSentenceFront.css development","timestamp":"2016-07-26T17:39:57.275Z"}
{"level":"error","message":"200 /db.json development","timestamp":"2016-07-26T17:39:58.130Z"}
{"level":"error","message":"200 /proxy.json development","timestamp":"2016-07-26T17:43:41.825Z"}
{"level":"error","message":"200 /orderSentenceFront.css development","timestamp":"2016-07-26T18:22:34.031Z"}
{"level":"error","message":"200 /proxy.json development","timestamp":"2016-07-26T18:25:29.827Z"}
{"level":"error","message":"200 /loaderio-e1cc7d39c4c180252f370798dc8b6695/ development","timestamp":"2016-07-26T18:26:36.037Z"}
{"level":"error","message":"200 /loaderio-e1cc7d39c4c180252f370798dc8b6695.html development","timestamp":"2016-07-26T18:26:36.261Z"}
{"level":"error","message":"200 /loaderio-e1cc7d39c4c180252f370798dc8b6695.txt development","timestamp":"2016-07-26T18:26:36.461Z"}
