{"level":"info","message":"200 /","timestamp":"2016-07-22T15:05:08.918Z"}
{"level":"info","message":"200 /learningMeme","timestamp":"2016-07-22T15:05:14.010Z"}
{"level":"info","message":"200 /learningMeme","timestamp":"2016-07-22T15:05:21.451Z"}
{"level":"info","message":"200 /learningMeme","timestamp":"2016-07-22T15:05:45.644Z"}
{"level":"info","message":"200 /learningMeme","timestamp":"2016-07-22T15:05:47.518Z"}
{"level":"info","message":"200 /proxy.json","timestamp":"2016-07-22T15:12:39.828Z"}
{"level":"error","message":"200 /proxy.json development","timestamp":"2016-07-22T15:12:39.829Z"}
{"level":"info","message":"200 /learningMeme","timestamp":"2016-07-22T15:23:27.459Z"}
{"level":"info","message":"200 /manager/html","timestamp":"2016-07-22T15:24:24.031Z"}
{"level":"error","message":"200 /manager/html development","timestamp":"2016-07-22T15:24:24.032Z"}
{"level":"info","message":"200 /","timestamp":"2016-07-22T15:28:46.041Z"}
{"level":"info","message":"200 /","timestamp":"2016-07-22T15:29:25.602Z"}
{"level":"info","message":"200 /proxy.json","timestamp":"2016-07-22T15:54:26.523Z"}
{"level":"error","message":"200 /proxy.json development","timestamp":"2016-07-22T15:54:26.523Z"}
{"level":"info","message":"200 /html/german/learningMeme.html","timestamp":"2016-07-22T16:12:01.853Z"}
{"level":"error","message":"200 /html/german/learningMeme.html development","timestamp":"2016-07-22T16:12:01.854Z"}
{"level":"info","message":"200 /","timestamp":"2016-07-22T16:23:05.841Z"}
{"level":"info","message":"200 /","timestamp":"2016-07-22T16:23:29.843Z"}
{"level":"info","message":"200 /proxy.json","timestamp":"2016-07-22T16:35:21.324Z"}
{"level":"error","message":"200 /proxy.json development","timestamp":"2016-07-22T16:35:21.325Z"}
{"level":"info","message":"200 /catchDailyHook","timestamp":"2016-07-22T17:06:17.905Z"}
{"level":"info","message":"200 /proxy.json","timestamp":"2016-07-22T17:13:15.259Z"}
{"level":"error","message":"200 /proxy.json development","timestamp":"2016-07-22T17:13:15.260Z"}
{"level":"info","message":"200 /","timestamp":"2016-07-22T17:26:50.846Z"}
{"level":"info","message":"200 /","timestamp":"2016-07-22T17:27:20.819Z"}
{"level":"info","message":"200 /assets/img/logo2.png","timestamp":"2016-07-22T17:37:37.002Z"}
{"level":"error","message":"200 /assets/img/logo2.png development","timestamp":"2016-07-22T17:37:37.003Z"}
{"level":"info","message":"200 /proxy.json","timestamp":"2016-07-22T17:52:00.144Z"}
{"level":"error","message":"200 /proxy.json development","timestamp":"2016-07-22T17:52:00.145Z"}
{"level":"info","message":"200 /","timestamp":"2016-07-22T18:23:04.433Z"}
{"level":"info","message":"200 /","timestamp":"2016-07-22T18:23:29.452Z"}
{"level":"info","message":"200 /cgi-bin/php?%2D%64+%61%6C%6C%6F%77%5F%75%72%6C%5F%69%6E%63%6C%75%64%65%3D%6F%6E+%2D%64+%73%61%66%65%5F%6D%6F%64%65%3D%6F%66%66+%2D%64+%73%75%68%6F%73%69%6E%2E%73%69%6D%75%6C%61%74%69%6F%6E%3D%6F%6E+%2D%64+%64%69%73%61%62%6C%65%5F%66%75%6E%63%74%69%6F%6E%73%3D%22%22+%2D%64+%6F%70%65%6E%5F%62%61%73%65%64%69%72%3D%6E%6F%6E%65+%2D%64+%61%75%74%6F%5F%70%72%65%70%65%6E%64%5F%66%69%6C%65%3D%70%68%70%3A%2F%2F%69%6E%70%75%74+%2D%64+%63%67%69%2E%66%6F%72%63%65%5F%72%65%64%69%72%65%63%74%3D%30+%2D%64+%63%67%69%2E%72%65%64%69%72%65%63%74%5F%73%74%61%74%75%73%5F%65%6E%76%3D%22%79%65%73%22+%2D%64+%63%67%69%2E%66%69%78%5F%70%61%74%68%69%6E%66%6F%3D%31+%2D%64+%61%75%74%6F%5F%70%72%65%70%65%6E%64%5F%66%69%6C%65%3D%70%68%70%3A%2F%2F%69%6E%70%75%74+%2D%6E","timestamp":"2016-07-22T18:31:53.994Z"}
{"level":"error","message":"200 /cgi-bin/php?%2D%64+%61%6C%6C%6F%77%5F%75%72%6C%5F%69%6E%63%6C%75%64%65%3D%6F%6E+%2D%64+%73%61%66%65%5F%6D%6F%64%65%3D%6F%66%66+%2D%64+%73%75%68%6F%73%69%6E%2E%73%69%6D%75%6C%61%74%69%6F%6E%3D%6F%6E+%2D%64+%64%69%73%61%62%6C%65%5F%66%75%6E%63%74%69%6F%6E%73%3D%22%22+%2D%64+%6F%70%65%6E%5F%62%61%73%65%64%69%72%3D%6E%6F%6E%65+%2D%64+%61%75%74%6F%5F%70%72%65%70%65%6E%64%5F%66%69%6C%65%3D%70%68%70%3A%2F%2F%69%6E%70%75%74+%2D%64+%63%67%69%2E%66%6F%72%63%65%5F%72%65%64%69%72%65%63%74%3D%30+%2D%64+%63%67%69%2E%72%65%64%69%72%65%63%74%5F%73%74%61%74%75%73%5F%65%6E%76%3D%22%79%65%73%22+%2D%64+%63%67%69%2E%66%69%78%5F%70%61%74%68%69%6E%66%6F%3D%31+%2D%64+%61%75%74%6F%5F%70%72%65%70%65%6E%64%5F%66%69%6C%65%3D%70%68%70%3A%2F%2F%69%6E%70%75%74+%2D%6E development","timestamp":"2016-07-22T18:31:53.994Z"}
{"level":"info","message":"200 /cgi-bin/php-cgi?%2D%64+%61%6C%6C%6F%77%5F%75%72%6C%5F%69%6E%63%6C%75%64%65%3D%6F%6E+%2D%64+%73%61%66%65%5F%6D%6F%64%65%3D%6F%66%66+%2D%64+%73%75%68%6F%73%69%6E%2E%73%69%6D%75%6C%61%74%69%6F%6E%3D%6F%6E+%2D%64+%64%69%73%61%62%6C%65%5F%66%75%6E%63%74%69%6F%6E%73%3D%22%22+%2D%64+%6F%70%65%6E%5F%62%61%73%65%64%69%72%3D%6E%6F%6E%65+%2D%64+%61%75%74%6F%5F%70%72%65%70%65%6E%64%5F%66%69%6C%65%3D%70%68%70%3A%2F%2F%69%6E%70%75%74+%2D%64+%63%67%69%2E%66%6F%72%63%65%5F%72%65%64%69%72%65%63%74%3D%30+%2D%64+%63%67%69%2E%72%65%64%69%72%65%63%74%5F%73%74%61%74%75%73%5F%65%6E%76%3D%22%79%65%73%22+%2D%64+%63%67%69%2E%66%69%78%5F%70%61%74%68%69%6E%66%6F%3D%31+%2D%64+%61%75%74%6F%5F%70%72%65%70%65%6E%64%5F%66%69%6C%65%3D%70%68%70%3A%2F%2F%69%6E%70%75%74+%2D%6E","timestamp":"2016-07-22T18:32:08.699Z"}
{"level":"error","message":"200 /cgi-bin/php-cgi?%2D%64+%61%6C%6C%6F%77%5F%75%72%6C%5F%69%6E%63%6C%75%64%65%3D%6F%6E+%2D%64+%73%61%66%65%5F%6D%6F%64%65%3D%6F%66%66+%2D%64+%73%75%68%6F%73%69%6E%2E%73%69%6D%75%6C%61%74%69%6F%6E%3D%6F%6E+%2D%64+%64%69%73%61%62%6C%65%5F%66%75%6E%63%74%69%6F%6E%73%3D%22%22+%2D%64+%6F%70%65%6E%5F%62%61%73%65%64%69%72%3D%6E%6F%6E%65+%2D%64+%61%75%74%6F%5F%70%72%65%70%65%6E%64%5F%66%69%6C%65%3D%70%68%70%3A%2F%2F%69%6E%70%75%74+%2D%64+%63%67%69%2E%66%6F%72%63%65%5F%72%65%64%69%72%65%63%74%3D%30+%2D%64+%63%67%69%2E%72%65%64%69%72%65%63%74%5F%73%74%61%74%75%73%5F%65%6E%76%3D%22%79%65%73%22+%2D%64+%63%67%69%2E%66%69%78%5F%70%61%74%68%69%6E%66%6F%3D%31+%2D%64+%61%75%74%6F%5F%70%72%65%70%65%6E%64%5F%66%69%6C%65%3D%70%68%70%3A%2F%2F%69%6E%70%75%74+%2D%6E development","timestamp":"2016-07-22T18:32:08.700Z"}
{"level":"info","message":"200 /cgi-bin/php5-cgi?%2D%64+%61%6C%6C%6F%77%5F%75%72%6C%5F%69%6E%63%6C%75%64%65%3D%6F%6E+%2D%64+%73%61%66%65%5F%6D%6F%64%65%3D%6F%66%66+%2D%64+%73%75%68%6F%73%69%6E%2E%73%69%6D%75%6C%61%74%69%6F%6E%3D%6F%6E+%2D%64+%64%69%73%61%62%6C%65%5F%66%75%6E%63%74%69%6F%6E%73%3D%22%22+%2D%64+%6F%70%65%6E%5F%62%61%73%65%64%69%72%3D%6E%6F%6E%65+%2D%64+%61%75%74%6F%5F%70%72%65%70%65%6E%64%5F%66%69%6C%65%3D%70%68%70%3A%2F%2F%69%6E%70%75%74+%2D%64+%63%67%69%2E%66%6F%72%63%65%5F%72%65%64%69%72%65%63%74%3D%30+%2D%64+%63%67%69%2E%72%65%64%69%72%65%63%74%5F%73%74%61%74%75%73%5F%65%6E%76%3D%22%79%65%73%22+%2D%64+%63%67%69%2E%66%69%78%5F%70%61%74%68%69%6E%66%6F%3D%31+%2D%64+%61%75%74%6F%5F%70%72%65%70%65%6E%64%5F%66%69%6C%65%3D%70%68%70%3A%2F%2F%69%6E%70%75%74+%2D%6E","timestamp":"2016-07-22T18:32:12.285Z"}
{"level":"error","message":"200 /cgi-bin/php5-cgi?%2D%64+%61%6C%6C%6F%77%5F%75%72%6C%5F%69%6E%63%6C%75%64%65%3D%6F%6E+%2D%64+%73%61%66%65%5F%6D%6F%64%65%3D%6F%66%66+%2D%64+%73%75%68%6F%73%69%6E%2E%73%69%6D%75%6C%61%74%69%6F%6E%3D%6F%6E+%2D%64+%64%69%73%61%62%6C%65%5F%66%75%6E%63%74%69%6F%6E%73%3D%22%22+%2D%64+%6F%70%65%6E%5F%62%61%73%65%64%69%72%3D%6E%6F%6E%65+%2D%64+%61%75%74%6F%5F%70%72%65%70%65%6E%64%5F%66%69%6C%65%3D%70%68%70%3A%2F%2F%69%6E%70%75%74+%2D%64+%63%67%69%2E%66%6F%72%63%65%5F%72%65%64%69%72%65%63%74%3D%30+%2D%64+%63%67%69%2E%72%65%64%69%72%65%63%74%5F%73%74%61%74%75%73%5F%65%6E%76%3D%22%79%65%73%22+%2D%64+%63%67%69%2E%66%69%78%5F%70%61%74%68%69%6E%66%6F%3D%31+%2D%64+%61%75%74%6F%5F%70%72%65%70%65%6E%64%5F%66%69%6C%65%3D%70%68%70%3A%2F%2F%69%6E%70%75%74+%2D%6E development","timestamp":"2016-07-22T18:32:12.285Z"}
{"level":"info","message":"200 /proxy.json","timestamp":"2016-07-22T18:33:33.323Z"}
{"level":"error","message":"200 /proxy.json development","timestamp":"2016-07-22T18:33:33.328Z"}
{"level":"info","message":"200 /proxy.json","timestamp":"2016-07-22T19:15:07.012Z"}
{"level":"error","message":"200 /proxy.json development","timestamp":"2016-07-22T19:15:07.013Z"}
{"level":"info","message":"200 /orderSentenceMobile","timestamp":"2016-07-22T19:20:47.956Z"}
{"level":"info","message":"200 /","timestamp":"2016-07-22T19:27:15.411Z"}
{"level":"info","message":"200 /","timestamp":"2016-07-22T19:27:49.406Z"}
{"level":"info","message":"200 /proxy.json","timestamp":"2016-07-22T19:55:47.043Z"}
{"level":"error","message":"200 /proxy.json development","timestamp":"2016-07-22T19:55:47.044Z"}
{"level":"info","message":"200 /","timestamp":"2016-07-22T20:19:30.961Z"}
{"level":"info","message":"200 /","timestamp":"2016-07-22T20:22:50.836Z"}
{"level":"info","message":"200 /","timestamp":"2016-07-22T20:23:14.349Z"}
{"level":"info","message":"200 /learningMeme","timestamp":"2016-07-22T20:24:49.400Z"}
{"level":"info","message":"200 /proxy.json","timestamp":"2016-07-22T20:36:43.695Z"}
{"level":"error","message":"200 /proxy.json development","timestamp":"2016-07-22T20:36:43.696Z"}
{"level":"info","message":"200 /","timestamp":"2016-07-22T21:04:53.979Z"}
{"level":"info","message":"200 /proxy.json","timestamp":"2016-07-22T21:20:29.825Z"}
{"level":"error","message":"200 /proxy.json development","timestamp":"2016-07-22T21:20:29.825Z"}
{"level":"info","message":"200 /","timestamp":"2016-07-22T21:23:39.344Z"}
{"level":"info","message":"200 /","timestamp":"2016-07-22T21:23:39.584Z"}
{"level":"info","message":"200 /learningMeme","timestamp":"2016-07-22T21:23:42.715Z"}
{"level":"info","message":"200 /learningMeme","timestamp":"2016-07-22T21:23:43.206Z"}
{"level":"info","message":"200 /","timestamp":"2016-07-22T21:27:54.992Z"}
{"level":"info","message":"200 /","timestamp":"2016-07-22T21:28:31.040Z"}
{"level":"info","message":"200 /proxy.json","timestamp":"2016-07-22T22:02:35.772Z"}
{"level":"error","message":"200 /proxy.json development","timestamp":"2016-07-22T22:02:35.773Z"}
{"level":"info","message":"200 /","timestamp":"2016-07-22T22:26:42.135Z"}
{"level":"info","message":"200 /","timestamp":"2016-07-22T22:27:12.683Z"}
{"level":"info","message":"200 /","timestamp":"2016-07-22T22:41:50.319Z"}
{"level":"info","message":"200 /proxy.json","timestamp":"2016-07-22T22:43:52.645Z"}
{"level":"error","message":"200 /proxy.json development","timestamp":"2016-07-22T22:43:52.645Z"}
{"level":"info","message":"200 /empty","timestamp":"2016-07-22T22:44:50.278Z"}
{"level":"error","message":"200 /empty development","timestamp":"2016-07-22T22:44:50.279Z"}
{"level":"info","message":"200 /%C2%A0","timestamp":"2016-07-22T22:54:11.223Z"}
{"level":"error","message":"200 /%C2%A0 development","timestamp":"2016-07-22T22:54:11.224Z"}
{"level":"info","message":"200 /proxy.json","timestamp":"2016-07-22T23:24:11.747Z"}
{"level":"error","message":"200 /proxy.json development","timestamp":"2016-07-22T23:24:11.748Z"}
{"level":"info","message":"200 /","timestamp":"2016-07-22T23:26:16.648Z"}
{"level":"info","message":"200 /","timestamp":"2016-07-22T23:26:47.229Z"}
{"level":"info","message":"200 /proxy.json","timestamp":"2016-07-23T00:07:03.953Z"}
{"level":"error","message":"200 /proxy.json development","timestamp":"2016-07-23T00:07:03.954Z"}
{"level":"info","message":"200 /","timestamp":"2016-07-23T00:22:42.830Z"}
{"level":"info","message":"200 /","timestamp":"2016-07-23T00:23:06.157Z"}
{"level":"info","message":"200 /manager/html","timestamp":"2016-07-23T00:25:08.117Z"}
{"level":"error","message":"200 /manager/html development","timestamp":"2016-07-23T00:25:08.118Z"}
{"level":"info","message":"200 /proxy.json","timestamp":"2016-07-23T00:50:05.269Z"}
{"level":"error","message":"200 /proxy.json development","timestamp":"2016-07-23T00:50:05.269Z"}
{"level":"info","message":"200 /","timestamp":"2016-07-23T01:26:51.814Z"}
{"level":"info","message":"200 /","timestamp":"2016-07-23T01:27:25.354Z"}
{"level":"info","message":"200 /proxy.json","timestamp":"2016-07-23T01:30:36.556Z"}
{"level":"error","message":"200 /proxy.json development","timestamp":"2016-07-23T01:30:36.557Z"}
{"level":"info","message":"200 /","timestamp":"2016-07-23T01:50:28.770Z"}
{"level":"info","message":"200 /proxy.json","timestamp":"2016-07-23T02:12:02.123Z"}
{"level":"error","message":"200 /proxy.json development","timestamp":"2016-07-23T02:12:02.124Z"}
{"level":"info","message":"200 /","timestamp":"2016-07-23T02:20:29.249Z"}
{"level":"info","message":"200 /","timestamp":"2016-07-23T02:20:47.042Z"}
{"level":"info","message":"200 /germanWritingAssistant","timestamp":"2016-07-23T02:33:14.829Z"}
{"level":"error","message":"200 /germanWritingAssistant development","timestamp":"2016-07-23T02:33:14.829Z"}
{"level":"info","message":"200 /guessThePhrase","timestamp":"2016-07-23T02:33:22.515Z"}
{"level":"error","message":"200 /guessThePhrase development","timestamp":"2016-07-23T02:33:22.515Z"}
{"level":"info","message":"200 /","timestamp":"2016-07-23T02:38:38.366Z"}
{"level":"info","message":"200 /writeSentenceLite","timestamp":"2016-07-23T02:47:09.462Z"}
{"level":"info","message":"200 /proxy.json","timestamp":"2016-07-23T02:56:30.569Z"}
{"level":"error","message":"200 /proxy.json development","timestamp":"2016-07-23T02:56:30.569Z"}
{"level":"info","message":"200 /html/german/einEine.html","timestamp":"2016-07-23T03:05:08.245Z"}
{"level":"error","message":"200 /html/german/einEine.html development","timestamp":"2016-07-23T03:05:08.245Z"}
{"level":"info","message":"200 /html/german/germanWritingAssistant.html","timestamp":"2016-07-23T03:05:10.256Z"}
{"level":"error","message":"200 /html/german/germanWritingAssistant.html development","timestamp":"2016-07-23T03:05:10.257Z"}
{"level":"info","message":"200 /","timestamp":"2016-07-23T03:26:26.676Z"}
{"level":"info","message":"200 /","timestamp":"2016-07-23T03:31:34.475Z"}
{"level":"info","message":"200 /","timestamp":"2016-07-23T03:32:15.660Z"}
{"level":"info","message":"200 /html/german/guessThePhrase.html","timestamp":"2016-07-23T03:34:19.619Z"}
{"level":"error","message":"200 /html/german/guessThePhrase.html development","timestamp":"2016-07-23T03:34:19.620Z"}
{"level":"info","message":"200 /html/index.html","timestamp":"2016-07-23T03:34:24.771Z"}
{"level":"error","message":"200 /html/index.html development","timestamp":"2016-07-23T03:34:24.772Z"}
{"level":"info","message":"200 /","timestamp":"2016-07-23T03:34:34.360Z"}
{"level":"info","message":"200 /proxy.json","timestamp":"2016-07-23T03:38:11.068Z"}
{"level":"error","message":"200 /proxy.json development","timestamp":"2016-07-23T03:38:11.069Z"}
{"level":"info","message":"200 /proxy.json","timestamp":"2016-07-23T04:19:29.617Z"}
{"level":"error","message":"200 /proxy.json development","timestamp":"2016-07-23T04:19:29.617Z"}
{"level":"info","message":"200 /","timestamp":"2016-07-23T04:23:10.391Z"}
{"level":"info","message":"200 /","timestamp":"2016-07-23T04:23:34.788Z"}
{"level":"info","message":"200 /proxy.json","timestamp":"2016-07-23T05:03:37.843Z"}
{"level":"error","message":"200 /proxy.json development","timestamp":"2016-07-23T05:03:37.844Z"}
{"level":"info","message":"200 /","timestamp":"2016-07-23T05:25:21.157Z"}
{"level":"info","message":"200 /","timestamp":"2016-07-23T05:25:48.407Z"}
{"level":"info","message":"200 /html/","timestamp":"2016-07-23T05:37:31.802Z"}
{"level":"error","message":"200 /html/ development","timestamp":"2016-07-23T05:37:31.803Z"}
{"level":"info","message":"200 /writeSentenceLite","timestamp":"2016-07-23T05:37:40.957Z"}
{"level":"info","message":"200 /orderSentenceMobile","timestamp":"2016-07-23T05:37:41.341Z"}
{"level":"info","message":"200 /html/german/learningMeme.html","timestamp":"2016-07-23T05:37:51.739Z"}
{"level":"error","message":"200 /html/german/learningMeme.html development","timestamp":"2016-07-23T05:37:51.740Z"}
{"level":"info","message":"200 /","timestamp":"2016-07-23T05:37:51.956Z"}
{"level":"info","message":"200 /about","timestamp":"2016-07-23T05:37:52.188Z"}
{"level":"info","message":"200 /orderSentence","timestamp":"2016-07-23T05:37:52.420Z"}
{"level":"info","message":"200 /html/german/orderTheSentence.html","timestamp":"2016-07-23T05:37:52.660Z"}
{"level":"error","message":"200 /html/german/orderTheSentence.html development","timestamp":"2016-07-23T05:37:52.660Z"}
{"level":"info","message":"200 /proxy.json","timestamp":"2016-07-23T05:47:15.369Z"}
{"level":"error","message":"200 /proxy.json development","timestamp":"2016-07-23T05:47:15.370Z"}
{"level":"info","message":"200 /","timestamp":"2016-07-23T06:24:03.226Z"}
{"level":"info","message":"200 /","timestamp":"2016-07-23T06:24:28.570Z"}
{"level":"info","message":"200 /","timestamp":"2016-07-23T06:32:04.142Z"}
{"level":"info","message":"200 /proxy.json","timestamp":"2016-07-23T06:36:00.423Z"}
{"level":"error","message":"200 /proxy.json development","timestamp":"2016-07-23T06:36:00.423Z"}
{"level":"info","message":"200 /proxy.json","timestamp":"2016-07-23T07:16:54.844Z"}
{"level":"error","message":"200 /proxy.json development","timestamp":"2016-07-23T07:16:54.845Z"}
{"level":"info","message":"200 /","timestamp":"2016-07-23T07:20:25.913Z"}
{"level":"info","message":"200 /","timestamp":"2016-07-23T07:20:43.154Z"}
{"level":"info","message":"200 /proxy.json","timestamp":"2016-07-23T07:59:10.723Z"}
{"level":"error","message":"200 /proxy.json development","timestamp":"2016-07-23T07:59:10.723Z"}
{"level":"info","message":"200 /","timestamp":"2016-07-23T08:21:17.370Z"}
{"level":"info","message":"200 /","timestamp":"2016-07-23T08:21:37.834Z"}
{"level":"info","message":"200 /learningMeme","timestamp":"2016-07-23T08:34:31.026Z"}
{"level":"info","message":"200 /proxy.json","timestamp":"2016-07-23T08:41:56.326Z"}
{"level":"error","message":"200 /proxy.json development","timestamp":"2016-07-23T08:41:56.327Z"}
{"level":"info","message":"200 /proxy.json","timestamp":"2016-07-23T09:22:32.324Z"}
{"level":"error","message":"200 /proxy.json development","timestamp":"2016-07-23T09:22:32.324Z"}
{"level":"info","message":"200 /","timestamp":"2016-07-23T09:27:41.696Z"}
{"level":"info","message":"200 /","timestamp":"2016-07-23T09:28:14.928Z"}
{"level":"info","message":"200 /proxy.json","timestamp":"2016-07-23T10:03:33.525Z"}
{"level":"error","message":"200 /proxy.json development","timestamp":"2016-07-23T10:03:33.525Z"}
{"level":"info","message":"200 /","timestamp":"2016-07-23T10:22:14.419Z"}
{"level":"info","message":"200 /","timestamp":"2016-07-23T10:22:35.238Z"}
{"level":"info","message":"200 /proxy.json","timestamp":"2016-07-23T10:45:08.644Z"}
{"level":"error","message":"200 /proxy.json development","timestamp":"2016-07-23T10:45:08.646Z"}
{"level":"info","message":"200 /writeSentence","timestamp":"2016-07-23T10:51:27.648Z"}
{"level":"info","message":"200 /?author=1","timestamp":"2016-07-23T11:00:46.886Z"}
{"level":"info","message":"200 /administrator/index.php","timestamp":"2016-07-23T11:00:47.406Z"}
{"level":"error","message":"200 /administrator/index.php development","timestamp":"2016-07-23T11:00:47.406Z"}
{"level":"info","message":"200 /proxy.json","timestamp":"2016-07-23T11:27:06.022Z"}
{"level":"error","message":"200 /proxy.json development","timestamp":"2016-07-23T11:27:06.022Z"}
{"level":"info","message":"200 /","timestamp":"2016-07-23T11:27:49.051Z"}
{"level":"info","message":"200 /","timestamp":"2016-07-23T11:28:21.889Z"}
{"level":"info","message":"200 /proxy.json","timestamp":"2016-07-23T12:07:07.729Z"}
{"level":"error","message":"200 /proxy.json development","timestamp":"2016-07-23T12:07:07.730Z"}
{"level":"info","message":"200 /","timestamp":"2016-07-23T12:24:35.319Z"}
{"level":"info","message":"200 /","timestamp":"2016-07-23T12:25:04.879Z"}
{"level":"info","message":"200 /proxy.json","timestamp":"2016-07-23T12:50:42.742Z"}
{"level":"error","message":"200 /proxy.json development","timestamp":"2016-07-23T12:50:42.743Z"}
{"level":"info","message":"200 /","timestamp":"2016-07-23T13:25:57.953Z"}
{"level":"info","message":"200 /","timestamp":"2016-07-23T13:26:28.647Z"}
{"level":"info","message":"200 /proxy.json","timestamp":"2016-07-23T13:34:46.820Z"}
{"level":"error","message":"200 /proxy.json development","timestamp":"2016-07-23T13:34:46.821Z"}
{"level":"info","message":"200 /empty","timestamp":"2016-07-23T13:36:05.158Z"}
{"level":"error","message":"200 /empty development","timestamp":"2016-07-23T13:36:05.159Z"}
{"level":"info","message":"200 /writeSentenceLite","timestamp":"2016-07-23T13:36:11.124Z"}
{"level":"info","message":"200 /quizlet","timestamp":"2016-07-23T14:03:16.951Z"}
{"level":"error","message":"200 /quizlet development","timestamp":"2016-07-23T14:03:16.952Z"}
{"level":"info","message":"200 /proxy.json","timestamp":"2016-07-23T14:17:43.345Z"}
{"level":"error","message":"200 /proxy.json development","timestamp":"2016-07-23T14:17:43.346Z"}
{"level":"info","message":"200 /","timestamp":"2016-07-23T14:19:43.722Z"}
{"level":"info","message":"200 /","timestamp":"2016-07-23T14:20:00.394Z"}
{"level":"info","message":"200 /proxy.json","timestamp":"2016-07-23T15:00:18.224Z"}
{"level":"error","message":"200 /proxy.json development","timestamp":"2016-07-23T15:00:18.226Z"}
{"level":"info","message":"200 /","timestamp":"2016-07-23T15:14:36.520Z"}
{"level":"info","message":"200 /","timestamp":"2016-07-23T15:29:14.453Z"}
{"level":"info","message":"200 /","timestamp":"2016-07-23T15:29:54.417Z"}
{"level":"info","message":"200 /proxy.json","timestamp":"2016-07-23T15:41:50.447Z"}
{"level":"error","message":"200 /proxy.json development","timestamp":"2016-07-23T15:41:50.447Z"}
{"level":"info","message":"200 /html/german/guessThePhrase.html","timestamp":"2016-07-23T15:42:47.829Z"}
{"level":"error","message":"200 /html/german/guessThePhrase.html development","timestamp":"2016-07-23T15:42:47.830Z"}
{"level":"info","message":"200 /","timestamp":"2016-07-23T15:42:49.694Z"}
{"level":"info","message":"200 /","timestamp":"2016-07-23T16:05:49.414Z"}
{"level":"info","message":"200 /about","timestamp":"2016-07-23T16:05:54.544Z"}
{"level":"info","message":"200 /proxy.json","timestamp":"2016-07-23T16:21:54.226Z"}
{"level":"error","message":"200 /proxy.json development","timestamp":"2016-07-23T16:21:54.227Z"}
{"level":"info","message":"200 /","timestamp":"2016-07-23T16:24:28.583Z"}
{"level":"info","message":"200 /","timestamp":"2016-07-23T16:24:56.944Z"}
{"level":"info","message":"200 /","timestamp":"2016-07-23T16:50:53.310Z"}
{"level":"info","message":"200 /about","timestamp":"2016-07-23T16:50:55.784Z"}
{"level":"info","message":"200 /","timestamp":"2016-07-23T16:52:14.895Z"}
{"level":"info","message":"200 /learningMeme","timestamp":"2016-07-23T16:52:18.518Z"}
{"level":"info","message":"200 /learningMeme","timestamp":"2016-07-23T16:52:19.211Z"}
{"level":"info","message":"200 /","timestamp":"2016-07-23T16:56:43.792Z"}
{"level":"info","message":"200 /","timestamp":"2016-07-23T16:58:04.310Z"}
{"level":"info","message":"200 /proxy.json","timestamp":"2016-07-23T17:03:54.275Z"}
{"level":"error","message":"200 /proxy.json development","timestamp":"2016-07-23T17:03:54.276Z"}
{"level":"info","message":"200 /catchDailyHook","timestamp":"2016-07-23T17:08:25.104Z"}
{"level":"info","message":"200 /","timestamp":"2016-07-23T17:25:59.876Z"}
{"level":"info","message":"200 /","timestamp":"2016-07-23T17:26:28.448Z"}
{"level":"info","message":"200 /html/german/orderTheSentence.html","timestamp":"2016-07-23T17:40:31.457Z"}
{"level":"error","message":"200 /html/german/orderTheSentence.html development","timestamp":"2016-07-23T17:40:31.457Z"}
{"level":"info","message":"200 /html/german/quizlet.html","timestamp":"2016-07-23T17:40:32.847Z"}
{"level":"error","message":"200 /html/german/quizlet.html development","timestamp":"2016-07-23T17:40:32.848Z"}
{"level":"info","message":"200 /proxy.json","timestamp":"2016-07-23T17:43:01.520Z"}
{"level":"error","message":"200 /proxy.json development","timestamp":"2016-07-23T17:43:01.521Z"}
{"level":"info","message":"200 /orderSentence","timestamp":"2016-07-23T18:18:25.752Z"}
{"level":"info","message":"200 /%C2%A0","timestamp":"2016-07-23T18:18:27.849Z"}
{"level":"error","message":"200 /%C2%A0 development","timestamp":"2016-07-23T18:18:27.849Z"}
{"level":"info","message":"200 /","timestamp":"2016-07-23T18:23:28.741Z"}
{"level":"info","message":"200 /","timestamp":"2016-07-23T18:23:52.746Z"}
{"level":"info","message":"200 /proxy.json","timestamp":"2016-07-23T18:25:09.921Z"}
{"level":"error","message":"200 /proxy.json development","timestamp":"2016-07-23T18:25:09.921Z"}
{"level":"info","message":"200 /orderSentenceMobile","timestamp":"2016-07-23T19:04:31.728Z"}
{"level":"info","message":"200 /writeSentence","timestamp":"2016-07-23T19:04:33.212Z"}
{"level":"info","message":"200 /proxy.json","timestamp":"2016-07-23T19:06:59.224Z"}
{"level":"error","message":"200 /proxy.json development","timestamp":"2016-07-23T19:06:59.224Z"}
{"level":"info","message":"200 /","timestamp":"2016-07-23T19:27:39.319Z"}
{"level":"info","message":"200 /","timestamp":"2016-07-23T19:28:13.325Z"}
{"level":"info","message":"200 /proxy.json","timestamp":"2016-07-23T19:49:08.633Z"}
{"level":"error","message":"200 /proxy.json development","timestamp":"2016-07-23T19:49:08.634Z"}
{"level":"info","message":"200 /","timestamp":"2016-07-23T19:55:17.076Z"}
{"level":"info","message":"200 /","timestamp":"2016-07-23T20:21:26.465Z"}
{"level":"info","message":"200 /","timestamp":"2016-07-23T20:21:47.380Z"}
{"level":"info","message":"200 /proxy.json","timestamp":"2016-07-23T20:31:02.088Z"}
{"level":"error","message":"200 /proxy.json development","timestamp":"2016-07-23T20:31:02.088Z"}
{"level":"info","message":"200 /proxy.json","timestamp":"2016-07-23T21:16:34.124Z"}
{"level":"error","message":"200 /proxy.json development","timestamp":"2016-07-23T21:16:34.125Z"}
{"level":"info","message":"200 /","timestamp":"2016-07-23T21:28:37.034Z"}
{"level":"info","message":"200 /","timestamp":"2016-07-23T21:29:11.757Z"}
{"level":"info","message":"200 /proxy.json","timestamp":"2016-07-23T21:59:40.278Z"}
{"level":"error","message":"200 /proxy.json development","timestamp":"2016-07-23T21:59:40.279Z"}
{"level":"info","message":"200 /learningMeme","timestamp":"2016-07-23T22:00:31.236Z"}
{"level":"info","message":"200 /","timestamp":"2016-07-23T22:20:56.750Z"}
{"level":"info","message":"200 /","timestamp":"2016-07-23T22:21:15.584Z"}
{"level":"info","message":"200 /proxy.json","timestamp":"2016-07-23T22:40:51.624Z"}
{"level":"error","message":"200 /proxy.json development","timestamp":"2016-07-23T22:40:51.625Z"}
{"level":"info","message":"200 /proxy.json","timestamp":"2016-07-23T23:23:17.327Z"}
{"level":"error","message":"200 /proxy.json development","timestamp":"2016-07-23T23:23:17.328Z"}
{"level":"info","message":"200 /","timestamp":"2016-07-23T23:25:55.423Z"}
{"level":"info","message":"200 /","timestamp":"2016-07-23T23:26:25.606Z"}
{"level":"info","message":"200 /proxy.json","timestamp":"2016-07-24T00:04:16.124Z"}
{"level":"error","message":"200 /proxy.json development","timestamp":"2016-07-24T00:04:16.125Z"}
{"level":"info","message":"200 /","timestamp":"2016-07-24T00:22:49.598Z"}
{"level":"info","message":"200 /","timestamp":"2016-07-24T00:23:13.598Z"}
{"level":"info","message":"200 /","timestamp":"2016-07-24T00:29:41.332Z"}
{"level":"info","message":"200 /proxy.json","timestamp":"2016-07-24T00:46:17.047Z"}
{"level":"error","message":"200 /proxy.json development","timestamp":"2016-07-24T00:46:17.048Z"}
{"level":"info","message":"200 /","timestamp":"2016-07-24T01:21:11.542Z"}
{"level":"info","message":"200 /","timestamp":"2016-07-24T01:21:31.070Z"}
{"level":"info","message":"200 /proxy.json","timestamp":"2016-07-24T01:27:37.469Z"}
{"level":"error","message":"200 /proxy.json development","timestamp":"2016-07-24T01:27:37.470Z"}
{"level":"info","message":"200 /","timestamp":"2016-07-24T01:50:51.835Z"}
{"level":"info","message":"200 /proxy.json","timestamp":"2016-07-24T02:09:59.150Z"}
{"level":"error","message":"200 /proxy.json development","timestamp":"2016-07-24T02:09:59.150Z"}
{"level":"info","message":"200 /","timestamp":"2016-07-24T02:20:32.572Z"}
{"level":"info","message":"200 /","timestamp":"2016-07-24T02:20:51.136Z"}
{"level":"info","message":"200 /","timestamp":"2016-07-24T02:31:11.934Z"}
{"level":"info","message":"200 /proxy.json","timestamp":"2016-07-24T02:51:25.945Z"}
{"level":"error","message":"200 /proxy.json development","timestamp":"2016-07-24T02:51:25.946Z"}
{"level":"info","message":"200 /","timestamp":"2016-07-24T02:58:29.291Z"}
{"level":"info","message":"200 /about","timestamp":"2016-07-24T02:58:30.405Z"}
{"level":"info","message":"200 /learningMeme","timestamp":"2016-07-24T02:58:30.613Z"}
{"level":"info","message":"200 /writeSentence","timestamp":"2016-07-24T02:58:30.719Z"}
{"level":"info","message":"200 /writeSentenceLite","timestamp":"2016-07-24T02:58:30.822Z"}
{"level":"info","message":"200 /orderSentence","timestamp":"2016-07-24T02:58:31.966Z"}
{"level":"info","message":"200 /orderSentenceMobile","timestamp":"2016-07-24T02:58:32.115Z"}
{"level":"info","message":"200 /","timestamp":"2016-07-24T03:29:52.421Z"}
{"level":"info","message":"200 /","timestamp":"2016-07-24T03:30:31.545Z"}
{"level":"info","message":"200 /proxy.json","timestamp":"2016-07-24T03:31:43.941Z"}
{"level":"error","message":"200 /proxy.json development","timestamp":"2016-07-24T03:31:43.942Z"}
{"level":"info","message":"200 /","timestamp":"2016-07-24T03:58:14.033Z"}
{"level":"info","message":"200 /","timestamp":"2016-07-24T04:14:57.372Z"}
{"level":"info","message":"200 /proxy.json","timestamp":"2016-07-24T04:15:11.542Z"}
{"level":"error","message":"200 /proxy.json development","timestamp":"2016-07-24T04:15:11.542Z"}
{"level":"info","message":"200 /","timestamp":"2016-07-24T04:21:27.312Z"}
{"level":"info","message":"200 /","timestamp":"2016-07-24T04:22:40.001Z"}
{"level":"info","message":"200 /","timestamp":"2016-07-24T04:23:02.533Z"}
{"level":"info","message":"200 /proxy.json","timestamp":"2016-07-24T04:57:50.224Z"}
{"level":"error","message":"200 /proxy.json development","timestamp":"2016-07-24T04:57:50.225Z"}
{"level":"info","message":"200 /","timestamp":"2016-07-24T05:25:03.289Z"}
{"level":"info","message":"200 /","timestamp":"2016-07-24T05:25:30.906Z"}
{"level":"info","message":"200 /proxy.json","timestamp":"2016-07-24T05:39:33.744Z"}
{"level":"error","message":"200 /proxy.json development","timestamp":"2016-07-24T05:39:33.745Z"}
{"level":"info","message":"200 /proxy.json","timestamp":"2016-07-24T06:22:02.154Z"}
{"level":"error","message":"200 /proxy.json development","timestamp":"2016-07-24T06:22:02.155Z"}
{"level":"info","message":"200 /","timestamp":"2016-07-24T06:24:41.940Z"}
{"level":"info","message":"200 /","timestamp":"2016-07-24T06:25:08.649Z"}
{"level":"info","message":"200 /proxy.json","timestamp":"2016-07-24T07:04:53.747Z"}
{"level":"error","message":"200 /proxy.json development","timestamp":"2016-07-24T07:04:53.747Z"}
{"level":"info","message":"200 /","timestamp":"2016-07-24T07:27:24.231Z"}
{"level":"info","message":"200 /","timestamp":"2016-07-24T07:27:58.318Z"}
{"level":"info","message":"200 /proxy.json","timestamp":"2016-07-24T07:47:40.524Z"}
{"level":"error","message":"200 /proxy.json development","timestamp":"2016-07-24T07:47:40.524Z"}
{"level":"info","message":"200 /","timestamp":"2016-07-24T08:28:20.609Z"}
{"level":"info","message":"200 /","timestamp":"2016-07-24T08:28:54.088Z"}
{"level":"info","message":"200 /proxy.json","timestamp":"2016-07-24T08:30:59.522Z"}
{"level":"error","message":"200 /proxy.json development","timestamp":"2016-07-24T08:30:59.523Z"}
{"level":"info","message":"200 /proxy.json","timestamp":"2016-07-24T09:14:48.579Z"}
{"level":"error","message":"200 /proxy.json development","timestamp":"2016-07-24T09:14:48.580Z"}
{"level":"info","message":"200 /","timestamp":"2016-07-24T09:27:37.367Z"}
{"level":"info","message":"200 /","timestamp":"2016-07-24T09:28:11.995Z"}
{"level":"info","message":"200 /proxy.json","timestamp":"2016-07-24T09:56:29.245Z"}
{"level":"error","message":"200 /proxy.json development","timestamp":"2016-07-24T09:56:29.247Z"}
{"level":"info","message":"200 /","timestamp":"2016-07-24T10:20:52.428Z"}
{"level":"info","message":"200 /","timestamp":"2016-07-24T10:21:11.575Z"}
{"level":"info","message":"200 /proxy.json","timestamp":"2016-07-24T10:43:07.730Z"}
{"level":"error","message":"200 /proxy.json development","timestamp":"2016-07-24T10:43:07.732Z"}
{"level":"info","message":"200 /","timestamp":"2016-07-24T11:18:23.358Z"}
{"level":"info","message":"200 /proxy.json","timestamp":"2016-07-24T11:27:01.822Z"}
{"level":"error","message":"200 /proxy.json development","timestamp":"2016-07-24T11:27:01.822Z"}
{"level":"info","message":"200 /guessTheWord","timestamp":"2016-07-24T11:28:45.487Z"}
{"level":"error","message":"200 /guessTheWord development","timestamp":"2016-07-24T11:28:45.487Z"}
{"level":"info","message":"200 /","timestamp":"2016-07-24T11:29:03.924Z"}
{"level":"info","message":"200 /","timestamp":"2016-07-24T11:29:42.436Z"}
{"level":"info","message":"200 /proxy.json","timestamp":"2016-07-24T12:08:01.955Z"}
{"level":"error","message":"200 /proxy.json development","timestamp":"2016-07-24T12:08:01.956Z"}
{"level":"info","message":"200 /","timestamp":"2016-07-24T12:24:19.687Z"}
{"level":"info","message":"200 /","timestamp":"2016-07-24T12:24:46.580Z"}
{"level":"info","message":"200 /images/orderTheSentence.png","timestamp":"2016-07-24T12:40:39.700Z"}
{"level":"error","message":"200 /images/orderTheSentence.png development","timestamp":"2016-07-24T12:40:39.701Z"}
{"level":"info","message":"200 /writeSentence","timestamp":"2016-07-24T12:47:28.817Z"}
{"level":"info","message":"200 /proxy.json","timestamp":"2016-07-24T12:52:20.067Z"}
{"level":"error","message":"200 /proxy.json development","timestamp":"2016-07-24T12:52:20.067Z"}
{"level":"info","message":"200 /","timestamp":"2016-07-24T12:53:56.967Z"}
{"level":"info","message":"200 /writeSentenceLite","timestamp":"2016-07-24T13:08:44.703Z"}
{"level":"info","message":"200 /proxy.json","timestamp":"2016-07-24T13:33:12.847Z"}
{"level":"error","message":"200 /proxy.json development","timestamp":"2016-07-24T13:33:12.847Z"}
{"level":"info","message":"200 /","timestamp":"2016-07-24T13:35:48.877Z"}
{"level":"info","message":"200 /proxy.json","timestamp":"2016-07-24T14:14:10.328Z"}
{"level":"error","message":"200 /proxy.json development","timestamp":"2016-07-24T14:14:10.329Z"}
{"level":"info","message":"200 /","timestamp":"2016-07-24T14:18:50.486Z"}
{"level":"info","message":"200 /","timestamp":"2016-07-24T14:19:08.157Z"}
{"level":"info","message":"200 /admin/","timestamp":"2016-07-24T14:36:54.344Z"}
{"level":"error","message":"200 /admin/ development","timestamp":"2016-07-24T14:36:54.345Z"}
{"level":"info","message":"200 /proxy.json","timestamp":"2016-07-24T14:57:14.732Z"}
{"level":"error","message":"200 /proxy.json development","timestamp":"2016-07-24T14:57:14.733Z"}
{"level":"info","message":"200 /","timestamp":"2016-07-24T15:29:27.225Z"}
{"level":"info","message":"200 /","timestamp":"2016-07-24T15:30:06.657Z"}
{"level":"info","message":"200 /proxy.json","timestamp":"2016-07-24T15:40:30.426Z"}
{"level":"error","message":"200 /proxy.json development","timestamp":"2016-07-24T15:40:30.427Z"}
{"level":"info","message":"200 /proxy.json","timestamp":"2016-07-24T16:24:16.632Z"}
{"level":"error","message":"200 /proxy.json development","timestamp":"2016-07-24T16:24:16.637Z"}
{"level":"info","message":"200 /","timestamp":"2016-07-24T16:24:27.557Z"}
{"level":"info","message":"200 /","timestamp":"2016-07-24T16:24:55.317Z"}
{"level":"info","message":"200 /","timestamp":"2016-07-24T16:27:39.694Z"}
{"level":"info","message":"200 /","timestamp":"2016-07-24T16:43:22.166Z"}
{"level":"info","message":"200 /proxy.json","timestamp":"2016-07-24T17:07:21.524Z"}
{"level":"error","message":"200 /proxy.json development","timestamp":"2016-07-24T17:07:21.525Z"}
{"level":"info","message":"200 /catchDailyHook","timestamp":"2016-07-24T17:14:08.640Z"}
{"level":"info","message":"200 /","timestamp":"2016-07-24T17:26:11.390Z"}
{"level":"info","message":"200 /","timestamp":"2016-07-24T17:26:42.371Z"}
{"level":"info","message":"200 /orderSentenceMobile","timestamp":"2016-07-24T17:46:31.140Z"}
{"level":"info","message":"200 /proxy.json","timestamp":"2016-07-24T17:48:57.023Z"}
{"level":"error","message":"200 /proxy.json development","timestamp":"2016-07-24T17:48:57.023Z"}
{"level":"info","message":"200 /","timestamp":"2016-07-24T18:22:51.727Z"}
{"level":"info","message":"200 /","timestamp":"2016-07-24T18:23:15.658Z"}
{"level":"info","message":"200 /empty","timestamp":"2016-07-24T18:31:48.132Z"}
{"level":"error","message":"200 /empty development","timestamp":"2016-07-24T18:31:48.133Z"}
{"level":"info","message":"200 /proxy.json","timestamp":"2016-07-24T18:32:07.949Z"}
{"level":"error","message":"200 /proxy.json development","timestamp":"2016-07-24T18:32:07.950Z"}
{"level":"info","message":"200 /proxy.json","timestamp":"2016-07-24T19:13:37.247Z"}
{"level":"error","message":"200 /proxy.json development","timestamp":"2016-07-24T19:13:37.248Z"}
{"level":"info","message":"200 /html/german/quizlet.html","timestamp":"2016-07-24T19:27:18.146Z"}
{"level":"error","message":"200 /html/german/quizlet.html development","timestamp":"2016-07-24T19:27:18.147Z"}
{"level":"info","message":"200 /","timestamp":"2016-07-24T19:28:12.079Z"}
{"level":"info","message":"200 /","timestamp":"2016-07-24T19:28:46.377Z"}
{"level":"info","message":"200 /manager/html","timestamp":"2016-07-24T19:37:48.012Z"}
{"level":"error","message":"200 /manager/html development","timestamp":"2016-07-24T19:37:48.013Z"}
{"level":"info","message":"200 /proxy.json","timestamp":"2016-07-24T19:55:49.726Z"}
{"level":"error","message":"200 /proxy.json development","timestamp":"2016-07-24T19:55:49.727Z"}
{"level":"info","message":"200 /","timestamp":"2016-07-24T20:04:18.485Z"}
{"level":"info","message":"200 /orderSentenceMobile","timestamp":"2016-07-24T20:22:38.917Z"}
{"level":"info","message":"200 /","timestamp":"2016-07-24T20:22:44.022Z"}
{"level":"info","message":"200 /","timestamp":"2016-07-24T20:23:05.971Z"}
{"level":"info","message":"200 /proxy.json","timestamp":"2016-07-24T20:38:08.644Z"}
{"level":"error","message":"200 /proxy.json development","timestamp":"2016-07-24T20:38:08.644Z"}
{"level":"info","message":"200 /proxy.json","timestamp":"2016-07-24T21:19:32.865Z"}
{"level":"error","message":"200 /proxy.json development","timestamp":"2016-07-24T21:19:32.866Z"}
{"level":"info","message":"200 /","timestamp":"2016-07-24T21:29:02.518Z"}
{"level":"info","message":"200 /","timestamp":"2016-07-24T21:29:41.432Z"}
{"level":"info","message":"200 /writeSentence","timestamp":"2016-07-24T21:43:18.413Z"}
{"level":"info","message":"200 /writeSentenceFront.css","timestamp":"2016-07-24T21:44:12.937Z"}
{"level":"error","message":"200 /writeSentenceFront.css development","timestamp":"2016-07-24T21:44:12.937Z"}
{"level":"info","message":"200 /proxy.json","timestamp":"2016-07-24T22:06:08.126Z"}
{"level":"error","message":"200 /proxy.json development","timestamp":"2016-07-24T22:06:08.128Z"}
{"level":"info","message":"200 /orderSentence","timestamp":"2016-07-24T22:20:01.220Z"}
{"level":"info","message":"200 /","timestamp":"2016-07-24T22:21:28.502Z"}
{"level":"info","message":"200 /","timestamp":"2016-07-24T22:21:50.488Z"}
{"level":"info","message":"200 /orderSentenceFront.css","timestamp":"2016-07-24T22:41:34.776Z"}
{"level":"error","message":"200 /orderSentenceFront.css development","timestamp":"2016-07-24T22:41:34.776Z"}
{"level":"info","message":"200 /proxy.json","timestamp":"2016-07-24T22:49:02.855Z"}
{"level":"error","message":"200 /proxy.json development","timestamp":"2016-07-24T22:49:02.859Z"}
{"level":"info","message":"200 /","timestamp":"2016-07-24T23:10:04.589Z"}
{"level":"info","message":"200 /","timestamp":"2016-07-24T23:24:00.418Z"}
{"level":"info","message":"200 /","timestamp":"2016-07-24T23:24:25.719Z"}
{"level":"info","message":"200 /orderSentenceMobile","timestamp":"2016-07-24T23:28:19.226Z"}
{"level":"info","message":"200 /proxy.json","timestamp":"2016-07-24T23:31:06.822Z"}
{"level":"error","message":"200 /proxy.json development","timestamp":"2016-07-24T23:31:06.822Z"}
{"level":"info","message":"200 /wp-content/themes/purevision/sliders/swfobject.js","timestamp":"2016-07-24T23:56:48.509Z"}
{"level":"error","message":"200 /wp-content/themes/purevision/sliders/swfobject.js development","timestamp":"2016-07-24T23:56:48.509Z"}
{"level":"info","message":"200 /proxy.json","timestamp":"2016-07-25T00:11:08.421Z"}
{"level":"error","message":"200 /proxy.json development","timestamp":"2016-07-25T00:11:08.422Z"}
{"level":"info","message":"200 /","timestamp":"2016-07-25T00:23:04.764Z"}
{"level":"info","message":"200 /","timestamp":"2016-07-25T00:23:28.455Z"}
{"level":"info","message":"200 /jmx-console/","timestamp":"2016-07-25T00:50:08.527Z"}
{"level":"error","message":"200 /jmx-console/ development","timestamp":"2016-07-25T00:50:08.527Z"}
{"level":"info","message":"200 /web-console/","timestamp":"2016-07-25T00:50:09.102Z"}
{"level":"error","message":"200 /web-console/ development","timestamp":"2016-07-25T00:50:09.102Z"}
{"level":"info","message":"200 /invoker/","timestamp":"2016-07-25T00:50:09.668Z"}
{"level":"error","message":"200 /invoker/ development","timestamp":"2016-07-25T00:50:09.669Z"}
{"level":"info","message":"200 /admin-console/","timestamp":"2016-07-25T00:50:10.243Z"}
{"level":"error","message":"200 /admin-console/ development","timestamp":"2016-07-25T00:50:10.244Z"}
{"level":"info","message":"200 /cgi-bin/test","timestamp":"2016-07-25T00:50:10.818Z"}
{"level":"error","message":"200 /cgi-bin/test development","timestamp":"2016-07-25T00:50:10.819Z"}
{"level":"info","message":"200 /cgi-sys/php5","timestamp":"2016-07-25T00:50:11.388Z"}
{"level":"error","message":"200 /cgi-sys/php5 development","timestamp":"2016-07-25T00:50:11.388Z"}
{"level":"info","message":"200 /cgi-mod/index.cgi","timestamp":"2016-07-25T00:50:12.030Z"}
{"level":"error","message":"200 /cgi-mod/index.cgi development","timestamp":"2016-07-25T00:50:12.030Z"}
{"level":"info","message":"200 /cgi-bin-sdb/printenv","timestamp":"2016-07-25T00:50:12.673Z"}
{"level":"error","message":"200 /cgi-bin-sdb/printenv development","timestamp":"2016-07-25T00:50:12.673Z"}
{"level":"info","message":"200 /cgi-mod/index.cgi","timestamp":"2016-07-25T00:50:13.318Z"}
{"level":"error","message":"200 /cgi-mod/index.cgi development","timestamp":"2016-07-25T00:50:13.318Z"}
{"level":"info","message":"200 /cgi-sys/entropysearch.cgi","timestamp":"2016-07-25T00:50:13.996Z"}
{"level":"error","message":"200 /cgi-sys/entropysearch.cgi development","timestamp":"2016-07-25T00:50:13.997Z"}
{"level":"info","message":"200 /cgi-sys/defaultwebpage.cgi","timestamp":"2016-07-25T00:50:14.647Z"}
{"level":"error","message":"200 /cgi-sys/defaultwebpage.cgi development","timestamp":"2016-07-25T00:50:14.647Z"}
{"level":"info","message":"200 /proxy.json","timestamp":"2016-07-25T00:53:25.363Z"}
{"level":"error","message":"200 /proxy.json development","timestamp":"2016-07-25T00:53:25.364Z"}
{"level":"info","message":"200 /","timestamp":"2016-07-25T01:26:49.039Z"}
{"level":"info","message":"200 /","timestamp":"2016-07-25T01:27:22.244Z"}
{"level":"info","message":"200 /proxy.json","timestamp":"2016-07-25T01:34:54.212Z"}
{"level":"error","message":"200 /proxy.json development","timestamp":"2016-07-25T01:34:54.213Z"}
{"level":"info","message":"200 /proxy.json","timestamp":"2016-07-25T02:19:48.525Z"}
{"level":"error","message":"200 /proxy.json development","timestamp":"2016-07-25T02:19:48.526Z"}
{"level":"info","message":"200 /","timestamp":"2016-07-25T02:20:54.734Z"}
{"level":"info","message":"200 /","timestamp":"2016-07-25T02:21:14.478Z"}
{"level":"info","message":"200 /proxy.json","timestamp":"2016-07-25T03:00:04.772Z"}
{"level":"error","message":"200 /proxy.json development","timestamp":"2016-07-25T03:00:04.772Z"}
{"level":"info","message":"200 /","timestamp":"2016-07-25T03:30:28.989Z"}
{"level":"info","message":"200 /","timestamp":"2016-07-25T03:31:14.911Z"}
{"level":"info","message":"200 /proxy.json","timestamp":"2016-07-25T03:40:23.222Z"}
{"level":"error","message":"200 /proxy.json development","timestamp":"2016-07-25T03:40:23.223Z"}
{"level":"info","message":"200 /orderTheSentence","timestamp":"2016-07-25T04:22:32.765Z"}
{"level":"error","message":"200 /orderTheSentence development","timestamp":"2016-07-25T04:22:32.765Z"}
{"level":"info","message":"200 /proxy.json","timestamp":"2016-07-25T04:23:11.621Z"}
{"level":"error","message":"200 /proxy.json development","timestamp":"2016-07-25T04:23:11.621Z"}
{"level":"info","message":"200 /","timestamp":"2016-07-25T04:25:25.774Z"}
{"level":"info","message":"200 /","timestamp":"2016-07-25T04:25:35.812Z"}
{"level":"info","message":"200 /","timestamp":"2016-07-25T04:26:06.833Z"}
{"level":"info","message":"200 /proxy.json","timestamp":"2016-07-25T05:04:32.745Z"}
{"level":"error","message":"200 /proxy.json development","timestamp":"2016-07-25T05:04:32.746Z"}
{"level":"info","message":"200 /","timestamp":"2016-07-25T05:26:33.917Z"}
{"level":"info","message":"200 /","timestamp":"2016-07-25T05:27:02.062Z"}
{"level":"info","message":"200 /proxy.json","timestamp":"2016-07-25T05:44:15.764Z"}
{"level":"error","message":"200 /proxy.json development","timestamp":"2016-07-25T05:44:15.764Z"}
{"level":"info","message":"200 /","timestamp":"2016-07-25T06:24:16.283Z"}
{"level":"info","message":"200 /","timestamp":"2016-07-25T06:24:42.251Z"}
{"level":"info","message":"200 /proxy.json","timestamp":"2016-07-25T06:25:56.419Z"}
{"level":"error","message":"200 /proxy.json development","timestamp":"2016-07-25T06:25:56.420Z"}
{"level":"info","message":"200 /manager/html","timestamp":"2016-07-25T06:36:02.915Z"}
{"level":"error","message":"200 /manager/html development","timestamp":"2016-07-25T06:36:02.916Z"}
{"level":"info","message":"200 /proxy.json","timestamp":"2016-07-25T07:12:43.544Z"}
{"level":"error","message":"200 /proxy.json development","timestamp":"2016-07-25T07:12:43.545Z"}
{"level":"info","message":"200 /","timestamp":"2016-07-25T07:16:26.995Z"}
{"level":"info","message":"200 /","timestamp":"2016-07-25T07:27:33.028Z"}
{"level":"info","message":"200 /","timestamp":"2016-07-25T07:28:06.752Z"}
{"level":"info","message":"200 /proxy.json","timestamp":"2016-07-25T07:53:06.723Z"}
{"level":"error","message":"200 /proxy.json development","timestamp":"2016-07-25T07:53:06.723Z"}
{"level":"info","message":"200 /","timestamp":"2016-07-25T08:29:01.378Z"}
{"level":"info","message":"200 /","timestamp":"2016-07-25T08:29:39.602Z"}
{"level":"info","message":"200 /","timestamp":"2016-07-25T08:33:45.872Z"}
{"level":"info","message":"200 /proxy.json","timestamp":"2016-07-25T08:36:22.423Z"}
{"level":"error","message":"200 /proxy.json development","timestamp":"2016-07-25T08:36:22.423Z"}
{"level":"info","message":"200 /webszerk/elfinder/elfinder.html","timestamp":"2016-07-25T08:43:41.219Z"}
{"level":"error","message":"200 /webszerk/elfinder/elfinder.html development","timestamp":"2016-07-25T08:43:41.219Z"}
{"level":"info","message":"200 /proxy.json","timestamp":"2016-07-25T09:26:21.721Z"}
{"level":"error","message":"200 /proxy.json development","timestamp":"2016-07-25T09:26:21.722Z"}
{"level":"info","message":"200 /","timestamp":"2016-07-25T09:29:03.450Z"}
{"level":"info","message":"200 /","timestamp":"2016-07-25T09:29:41.514Z"}
{"level":"info","message":"200 /writeSentence","timestamp":"2016-07-25T09:31:10.137Z"}
{"level":"info","message":"200 /","timestamp":"2016-07-25T09:42:37.286Z"}
{"level":"info","message":"200 /","timestamp":"2016-07-25T10:08:26.397Z"}
{"level":"info","message":"200 /proxy.json","timestamp":"2016-07-25T10:09:42.624Z"}
{"level":"error","message":"200 /proxy.json development","timestamp":"2016-07-25T10:09:42.625Z"}
{"level":"info","message":"200 /","timestamp":"2016-07-25T10:21:20.454Z"}
{"level":"info","message":"200 /","timestamp":"2016-07-25T10:21:41.465Z"}
{"level":"info","message":"200 /proxy.json","timestamp":"2016-07-25T10:50:52.868Z"}
{"level":"error","message":"200 /proxy.json development","timestamp":"2016-07-25T10:50:52.869Z"}
{"level":"info","message":"200 /","timestamp":"2016-07-25T11:27:34.992Z"}
{"level":"info","message":"200 /","timestamp":"2016-07-25T11:28:55.621Z"}
{"level":"info","message":"200 /","timestamp":"2016-07-25T11:29:32.785Z"}
{"level":"info","message":"200 /proxy.json","timestamp":"2016-07-25T11:34:36.237Z"}
{"level":"error","message":"200 /proxy.json development","timestamp":"2016-07-25T11:34:36.238Z"}
{"level":"info","message":"200 /proxy.json","timestamp":"2016-07-25T12:16:35.550Z"}
{"level":"error","message":"200 /proxy.json development","timestamp":"2016-07-25T12:16:35.551Z"}
{"level":"info","message":"200 /","timestamp":"2016-07-25T12:24:57.726Z"}
{"level":"info","message":"200 /","timestamp":"2016-07-25T12:25:27.572Z"}
{"level":"info","message":"200 /","timestamp":"2016-07-25T12:38:08.203Z"}
{"level":"info","message":"200 /proxy.json","timestamp":"2016-07-25T12:55:00.371Z"}
{"level":"error","message":"200 /proxy.json development","timestamp":"2016-07-25T12:55:00.372Z"}
{"level":"info","message":"200 /","timestamp":"2016-07-25T13:26:23.525Z"}
{"level":"info","message":"200 /","timestamp":"2016-07-25T13:26:55.730Z"}
{"level":"info","message":"200 /","timestamp":"2016-07-25T13:27:27.587Z"}
{"level":"info","message":"200 /","timestamp":"2016-07-25T13:27:29.470Z"}
{"level":"info","message":"200 /proxy.json","timestamp":"2016-07-25T13:38:46.824Z"}
{"level":"error","message":"200 /proxy.json development","timestamp":"2016-07-25T13:38:46.825Z"}
{"level":"info","message":"200 //","timestamp":"2016-07-25T14:00:51.877Z"}
{"level":"error","message":"200 // development","timestamp":"2016-07-25T14:00:51.879Z"}
{"level":"info","message":"200 /","timestamp":"2016-07-25T14:20:10.417Z"}
{"level":"info","message":"200 /","timestamp":"2016-07-25T14:20:28.884Z"}
{"level":"info","message":"200 /proxy.json","timestamp":"2016-07-25T14:23:54.967Z"}
{"level":"error","message":"200 /proxy.json development","timestamp":"2016-07-25T14:23:54.968Z"}
{"level":"info","message":"200 /","timestamp":"2016-07-25T14:58:23.104Z"}
{"level":"info","message":"200 /proxy.json","timestamp":"2016-07-25T15:06:24.445Z"}
{"level":"error","message":"200 /proxy.json development","timestamp":"2016-07-25T15:06:24.446Z"}
{"level":"info","message":"200 /","timestamp":"2016-07-25T15:29:05.364Z"}
{"level":"info","message":"200 /","timestamp":"2016-07-25T15:29:46.703Z"}
{"level":"info","message":"200 /about","timestamp":"2016-07-25T15:45:20.647Z"}
{"level":"info","message":"200 /html/german/guessThePhrase.html","timestamp":"2016-07-25T15:45:59.228Z"}
{"level":"error","message":"200 /html/german/guessThePhrase.html development","timestamp":"2016-07-25T15:45:59.228Z"}
{"level":"info","message":"200 /proxy.json","timestamp":"2016-07-25T15:49:42.943Z"}
{"level":"error","message":"200 /proxy.json development","timestamp":"2016-07-25T15:49:42.943Z"}
{"level":"info","message":"200 /","timestamp":"2016-07-25T16:20:31.589Z"}
{"level":"info","message":"200 /","timestamp":"2016-07-25T16:23:38.777Z"}
{"level":"info","message":"200 /","timestamp":"2016-07-25T16:24:04.428Z"}
{"level":"info","message":"200 /%C2%A0","timestamp":"2016-07-25T16:25:51.826Z"}
{"level":"error","message":"200 /%C2%A0 development","timestamp":"2016-07-25T16:25:51.826Z"}
{"level":"info","message":"200 /proxy.json","timestamp":"2016-07-25T16:32:06.444Z"}
{"level":"error","message":"200 /proxy.json development","timestamp":"2016-07-25T16:32:06.445Z"}
{"level":"info","message":"200 /%C2%A0","timestamp":"2016-07-25T16:45:14.019Z"}
{"level":"error","message":"200 /%C2%A0 development","timestamp":"2016-07-25T16:45:14.020Z"}
{"level":"info","message":"200 /","timestamp":"2016-07-25T16:45:32.142Z"}
{"level":"info","message":"200 /","timestamp":"2016-07-25T16:45:40.432Z"}
{"level":"info","message":"200 /html/german/orderTheSentence.html","timestamp":"2016-07-25T17:00:58.160Z"}
{"level":"error","message":"200 /html/german/orderTheSentence.html development","timestamp":"2016-07-25T17:00:58.161Z"}
{"level":"info","message":"200 /html/german/quizlet.html","timestamp":"2016-07-25T17:01:00.790Z"}
{"level":"error","message":"200 /html/german/quizlet.html development","timestamp":"2016-07-25T17:01:00.790Z"}
{"level":"info","message":"200 /proxy.json","timestamp":"2016-07-25T17:14:58.423Z"}
{"level":"error","message":"200 /proxy.json development","timestamp":"2016-07-25T17:14:58.424Z"}
{"level":"info","message":"200 /catchDailyHook","timestamp":"2016-07-25T17:15:34.265Z"}
{"level":"info","message":"200 /","timestamp":"2016-07-25T17:27:02.388Z"}
{"level":"info","message":"200 /","timestamp":"2016-07-25T17:27:34.340Z"}
{"level":"info","message":"200 /","timestamp":"2016-07-25T17:43:07.363Z"}
{"level":"info","message":"200 /","timestamp":"2016-07-25T17:54:51.077Z"}
{"level":"info","message":"200 /","timestamp":"2016-07-25T17:54:51.617Z"}
{"level":"info","message":"200 /empty","timestamp":"2016-07-25T17:54:52.073Z"}
{"level":"error","message":"200 /empty development","timestamp":"2016-07-25T17:54:52.073Z"}
{"level":"info","message":"200 /","timestamp":"2016-07-25T17:54:53.961Z"}
{"level":"info","message":"200 /proxy.json","timestamp":"2016-07-25T17:57:49.424Z"}
{"level":"error","message":"200 /proxy.json development","timestamp":"2016-07-25T17:57:49.424Z"}
{"level":"info","message":"200 /","timestamp":"2016-07-25T18:04:51.397Z"}
{"level":"info","message":"200 /","timestamp":"2016-07-25T18:27:26.603Z"}
{"level":"info","message":"200 /","timestamp":"2016-07-25T18:28:01.494Z"}
{"level":"info","message":"200 /proxy.json","timestamp":"2016-07-25T18:41:42.753Z"}
{"level":"error","message":"200 /proxy.json development","timestamp":"2016-07-25T18:41:42.753Z"}
{"level":"info","message":"200 /html/german/guessThePhrase.html","timestamp":"2016-07-25T18:55:04.515Z"}
{"level":"error","message":"200 /html/german/guessThePhrase.html development","timestamp":"2016-07-25T18:55:04.515Z"}
{"level":"info","message":"200 /proxy.json","timestamp":"2016-07-25T19:26:14.123Z"}
{"level":"error","message":"200 /proxy.json development","timestamp":"2016-07-25T19:26:14.127Z"}
{"level":"info","message":"200 /","timestamp":"2016-07-25T19:28:01.789Z"}
{"level":"info","message":"200 /","timestamp":"2016-07-25T19:28:38.470Z"}
{"level":"info","message":"200 /","timestamp":"2016-07-25T19:38:16.234Z"}
{"level":"info","message":"200 /empty","timestamp":"2016-07-25T19:38:37.803Z"}
{"level":"error","message":"200 /empty development","timestamp":"2016-07-25T19:38:37.804Z"}
{"level":"info","message":"200 /writeSentenceLite","timestamp":"2016-07-25T19:38:39.307Z"}
{"level":"info","message":"200 /webdav/","timestamp":"2016-07-25T19:48:31.581Z"}
{"level":"error","message":"200 /webdav/ development","timestamp":"2016-07-25T19:48:31.582Z"}
{"level":"info","message":"200 /proxy.json","timestamp":"2016-07-25T20:11:13.968Z"}
{"level":"error","message":"200 /proxy.json development","timestamp":"2016-07-25T20:11:13.969Z"}
{"level":"info","message":"200 /","timestamp":"2016-07-25T20:22:15.873Z"}
{"level":"info","message":"200 /","timestamp":"2016-07-25T20:22:37.256Z"}
{"level":"info","message":"200 /proxy.json","timestamp":"2016-07-25T20:52:48.353Z"}
{"level":"error","message":"200 /proxy.json development","timestamp":"2016-07-25T20:52:48.354Z"}
{"level":"info","message":"200 /","timestamp":"2016-07-25T21:20:07.118Z"}
{"level":"info","message":"200 /hndUnblock.cgi","timestamp":"2016-07-25T21:20:20.425Z"}
{"level":"error","message":"200 /hndUnblock.cgi development","timestamp":"2016-07-25T21:20:20.426Z"}
{"level":"info","message":"200 /hndUnblock.cgi","timestamp":"2016-07-25T21:20:20.966Z"}
{"level":"error","message":"200 /hndUnblock.cgi development","timestamp":"2016-07-25T21:20:20.966Z"}
{"level":"info","message":"200 /cgi/common.cgi","timestamp":"2016-07-25T21:20:21.521Z"}
{"level":"error","message":"200 /cgi/common.cgi development","timestamp":"2016-07-25T21:20:21.521Z"}
{"level":"info","message":"200 /stssys.htm","timestamp":"2016-07-25T21:20:22.026Z"}
{"level":"error","message":"200 /stssys.htm development","timestamp":"2016-07-25T21:20:22.027Z"}
{"level":"info","message":"200 /","timestamp":"2016-07-25T21:20:22.541Z"}
{"level":"info","message":"200 /command.php","timestamp":"2016-07-25T21:20:23.183Z"}
{"level":"error","message":"200 /command.php development","timestamp":"2016-07-25T21:20:23.183Z"}
{"level":"info","message":"200 /","timestamp":"2016-07-25T21:23:53.615Z"}
{"level":"info","message":"200 /","timestamp":"2016-07-25T21:29:16.071Z"}
{"level":"info","message":"200 /","timestamp":"2016-07-25T21:29:55.150Z"}
{"level":"info","message":"200 /proxy.json","timestamp":"2016-07-25T21:35:35.229Z"}
{"level":"error","message":"200 /proxy.json development","timestamp":"2016-07-25T21:35:35.229Z"}
{"level":"info","message":"200 /","timestamp":"2016-07-25T21:48:50.918Z"}
{"level":"info","message":"200 /einEine","timestamp":"2016-07-25T21:52:15.137Z"}
{"level":"error","message":"200 /einEine development","timestamp":"2016-07-25T21:52:15.137Z"}
{"level":"info","message":"200 /html/german/orderTheSentence.html","timestamp":"2016-07-25T21:59:09.442Z"}
{"level":"error","message":"200 /html/german/orderTheSentence.html development","timestamp":"2016-07-25T21:59:09.442Z"}
{"level":"info","message":"200 /proxy.json","timestamp":"2016-07-25T22:17:36.147Z"}
{"level":"error","message":"200 /proxy.json development","timestamp":"2016-07-25T22:17:36.148Z"}
{"level":"info","message":"200 /","timestamp":"2016-07-25T22:25:43.566Z"}
{"level":"info","message":"200 /","timestamp":"2016-07-25T22:26:13.889Z"}
{"level":"info","message":"200 /","timestamp":"2016-07-25T22:44:06.059Z"}
{"level":"info","message":"200 /proxy.json","timestamp":"2016-07-25T22:59:36.330Z"}
{"level":"error","message":"200 /proxy.json development","timestamp":"2016-07-25T22:59:36.331Z"}
{"level":"info","message":"200 /","timestamp":"2016-07-25T23:25:39.417Z"}
{"level":"info","message":"200 /","timestamp":"2016-07-25T23:26:09.743Z"}
{"level":"info","message":"200 /proxy.json","timestamp":"2016-07-25T23:40:14.247Z"}
{"level":"error","message":"200 /proxy.json development","timestamp":"2016-07-25T23:40:14.248Z"}
{"level":"info","message":"200 /","timestamp":"2016-07-26T00:23:45.991Z"}
{"level":"info","message":"200 /proxy.json","timestamp":"2016-07-26T00:24:02.765Z"}
{"level":"error","message":"200 /proxy.json development","timestamp":"2016-07-26T00:24:02.765Z"}
{"level":"info","message":"200 /","timestamp":"2016-07-26T00:24:10.687Z"}
{"level":"info","message":"200 /","timestamp":"2016-07-26T00:44:02.990Z"}
{"level":"info","message":"200 /learningMeme","timestamp":"2016-07-26T00:55:59.771Z"}
{"level":"info","message":"200 /html/german/einEine.html","timestamp":"2016-07-26T01:04:00.468Z"}
{"level":"error","message":"200 /html/german/einEine.html development","timestamp":"2016-07-26T01:04:00.469Z"}
{"level":"info","message":"200 /","timestamp":"2016-07-26T01:04:09.928Z"}
{"level":"info","message":"200 /proxy.json","timestamp":"2016-07-26T01:10:13.494Z"}
{"level":"error","message":"200 /proxy.json development","timestamp":"2016-07-26T01:10:13.495Z"}
{"level":"info","message":"200 /","timestamp":"2016-07-26T01:26:17.261Z"}
{"level":"info","message":"200 /","timestamp":"2016-07-26T01:26:49.008Z"}
{"level":"info","message":"696.7429569999999 GET / undefined","timestamp":"2016-07-26T01:43:22.918Z"}
{"level":"error","message":"200 /start development","timestamp":"2016-07-26T01:43:28.292Z"}
{"level":"info","message":"1970.256099 GET /run/start undefined","timestamp":"2016-07-26T01:43:59.334Z"}
{"level":"info","message":"2550.316901 GET /run/start undefined","timestamp":"2016-07-26T01:46:17.790Z"}
{"level":"info","message":"1803.3953040000001 GET /run/start undefined","timestamp":"2016-07-26T01:47:18.225Z"}
{"level":"info","message":"1756.883803 GET /run/start undefined","timestamp":"2016-07-26T01:48:01.128Z"}
{"level":"info","message":"1725.673744 GET /run/start undefined","timestamp":"2016-07-26T01:50:17.813Z"}
{"level":"info","message":"2261.694306 GET /run/start undefined","timestamp":"2016-07-26T01:51:07.778Z"}
{"level":"info","message":"1809.9333980000001 GET /run/start undefined","timestamp":"2016-07-26T01:52:21.634Z"}
{"level":"info","message":"2519.824536 GET /run/stop undefined","timestamp":"2016-07-26T02:01:27.877Z"}
{"level":"info","message":"701.155075 GET / undefined","timestamp":"2016-07-26T02:21:50.544Z"}
{"level":"error","message":"200 /proxy.json development","timestamp":"2016-07-26T03:11:26.491Z"}
{"level":"info","message":"728.4870579999999 GET /proxy.json undefined","timestamp":"2016-07-26T03:11:27.207Z"}
{"level":"error","message":"200 /proxy.json development","timestamp":"2016-07-26T03:52:39.671Z"}
{"level":"error","message":"200 /proxy.json development","timestamp":"2016-07-26T04:39:19.256Z"}
{"level":"error","message":"200 /proxy.json development","timestamp":"2016-07-26T05:24:43.822Z"}
{"level":"error","message":"200 /manager/html development","timestamp":"2016-07-26T06:07:31.595Z"}
{"level":"error","message":"200 /proxy.json development","timestamp":"2016-07-26T06:11:06.020Z"}
{"level":"error","message":"200 /webdav/ development","timestamp":"2016-07-26T06:14:15.162Z"}
{"level":"error","message":"200 //wp-login.php development","timestamp":"2016-07-26T06:42:57.562Z"}
{"level":"error","message":"200 /blog//wp-login.php development","timestamp":"2016-07-26T06:42:57.654Z"}
{"level":"error","message":"200 /wordpress//wp-login.php development","timestamp":"2016-07-26T06:42:57.728Z"}
{"level":"error","message":"200 /wp//wp-login.php development","timestamp":"2016-07-26T06:42:57.809Z"}
{"level":"error","message":"200 /proxy.json development","timestamp":"2016-07-26T07:02:01.393Z"}
{"level":"error","message":"200 /proxy.json development","timestamp":"2016-07-26T07:47:09.753Z"}
{"level":"error","message":"200 /proxy.json development","timestamp":"2016-07-26T08:32:02.822Z"}
{"level":"error","message":"200 /js/lib/elfinder/elfinder.html development","timestamp":"2016-07-26T09:02:16.823Z"}
{"level":"error","message":"200 /vendor/elfinder/elfinder.html development","timestamp":"2016-07-26T09:02:16.891Z"}
{"level":"error","message":"200 /Public/static/elfinder/elfinder.html development","timestamp":"2016-07-26T09:02:16.930Z"}
{"level":"error","message":"200 /ext/elFinder/elfinder.html development","timestamp":"2016-07-26T09:02:16.972Z"}
{"level":"error","message":"200 /proxy.json development","timestamp":"2016-07-26T09:15:57.875Z"}
{"level":"error","message":"200 /empty development","timestamp":"2016-07-26T09:23:33.096Z"}
{"level":"error","message":"200 /proxy.json development","timestamp":"2016-07-26T09:58:01.023Z"}
{"level":"error","message":"200 /cgi-bin/security.php development","timestamp":"2016-07-26T10:02:44.698Z"}
{"level":"error","message":"200 /wp-content/plugins/500.php development","timestamp":"2016-07-26T10:02:45.389Z"}
{"level":"error","message":"200 /wp-content/plugins/configbacks.php?ing=lie development","timestamp":"2016-07-26T10:02:46.040Z"}
{"level":"error","message":"200 /wp-content/uploads/500.php development","timestamp":"2016-07-26T10:02:46.732Z"}
{"level":"error","message":"200 /wp-content/uploads/Fbrrchive.php development","timestamp":"2016-07-26T10:02:47.265Z"}
{"level":"error","message":"200 /wp-content/uploads/configbacks.php?ing=lie development","timestamp":"2016-07-26T10:02:47.796Z"}
{"level":"error","message":"200 /wp-content/uploads/default.php development","timestamp":"2016-07-26T10:02:48.312Z"}
{"level":"error","message":"200 /wp-content/themes/THEME/404.php development","timestamp":"2016-07-26T10:02:49.360Z"}
{"level":"error","message":"200 /wp-content/themes/THEME/content-wp-authority.php development","timestamp":"2016-07-26T10:02:50.418Z"}
{"level":"error","message":"200 /wp-includes/css/modules.php development","timestamp":"2016-07-26T10:02:51.083Z"}
{"level":"error","message":"200 /wp-includes/class-wp-roles.php?bataboom=1 development","timestamp":"2016-07-26T10:02:51.591Z"}
{"level":"error","message":"200 /wp-content/themes/THEME/author.php development","timestamp":"2016-07-26T10:02:52.924Z"}
{"level":"error","message":"200 /tags/popup-pomo.php development","timestamp":"2016-07-26T10:02:53.419Z"}
{"level":"error","message":"200 /wp-content/upgrade/theme-compat/popup-pomo.php development","timestamp":"2016-07-26T10:02:53.915Z"}
{"level":"error","message":"200 /wp-content/themes/THEME/404.php development","timestamp":"2016-07-26T10:02:54.942Z"}
{"level":"error","message":"200 /webdav/ development","timestamp":"2016-07-26T10:07:53.461Z"}
{"level":"error","message":"200 /proxy.json development","timestamp":"2016-07-26T10:42:18.162Z"}
{"level":"error","message":"200 /proxy.json development","timestamp":"2016-07-26T11:22:30.425Z"}
{"level":"error","message":"200 /html/german/einEine.html development","timestamp":"2016-07-26T11:48:18.945Z"}
{"level":"error","message":"200 /proxy.json development","timestamp":"2016-07-26T12:06:03.073Z"}
{"level":"error","message":"200 /proxy.json development","timestamp":"2016-07-26T12:44:45.646Z"}
{"level":"error","message":"200 /html/german/guessTheWord.html development","timestamp":"2016-07-26T13:03:02.397Z"}
{"level":"error","message":"200 /%C2%A0 development","timestamp":"2016-07-26T13:04:45.845Z"}
{"level":"error","message":"200 /proxy.json development","timestamp":"2016-07-26T13:28:34.058Z"}
{"level":"error","message":"200 /proxy.json development","timestamp":"2016-07-26T14:13:05.823Z"}
{"level":"error","message":"200 /proxy.json development","timestamp":"2016-07-26T14:52:01.658Z"}
{"level":"error","message":"200 /proxy.json development","timestamp":"2016-07-26T15:33:09.546Z"}
{"level":"error","message":"200 /proxy.json development","timestamp":"2016-07-26T16:15:44.822Z"}
{"level":"error","message":"200 /run development","timestamp":"2016-07-26T16:49:48.501Z"}
{"level":"error","message":"200 /proxy.json development","timestamp":"2016-07-26T16:58:06.674Z"}
{"level":"error","message":"200 /run development","timestamp":"2016-07-26T17:09:30.089Z"}
{"level":"error","message":"200 /writeSentenceFront.css development","timestamp":"2016-07-26T17:39:57.274Z"}
{"level":"error","message":"200 /db.json development","timestamp":"2016-07-26T17:39:58.130Z"}
{"level":"error","message":"200 /proxy.json development","timestamp":"2016-07-26T17:43:41.825Z"}
{"level":"error","message":"200 /orderSentenceFront.css development","timestamp":"2016-07-26T18:22:34.031Z"}
{"level":"error","message":"200 /proxy.json development","timestamp":"2016-07-26T18:25:29.827Z"}
{"level":"error","message":"200 /loaderio-e1cc7d39c4c180252f370798dc8b6695/ development","timestamp":"2016-07-26T18:26:36.037Z"}
{"level":"error","message":"200 /loaderio-e1cc7d39c4c180252f370798dc8b6695.html development","timestamp":"2016-07-26T18:26:36.261Z"}
{"level":"error","message":"200 /loaderio-e1cc7d39c4c180252f370798dc8b6695.txt development","timestamp":"2016-07-26T18:26:36.461Z"}
